#
# A fatal error has been detected by the Java Runtime Environment:
#
#  SIGSEGV (0xb) at pc=0x00007f41e505b17a, pid=2777, tid=139920595584768
#
# JRE version: Java(TM) SE Runtime Environment (7.0_67-b01) (build 1.7.0_67-b01)
# Java VM: Java HotSpot(TM) 64-Bit Server VM (24.65-b04 mixed mode linux-amd64 compressed oops)
# Problematic frame:
# v  ~BufferBlob::jni_fast_GetLongField
#
# Failed to write core dump. Core dumps have been disabled. To enable core dumping, try "ulimit -c unlimited" before starting Java again
#
# If you would like to submit a bug report, please visit:
#   http://bugreport.sun.com/bugreport/crash.jsp
# The crash happened outside the Java Virtual Machine in native code.
# See problematic frame for where to report the bug.
#

---------------  T H R E A D  ---------------

Current thread (0x00007f41e82cf000):  JavaThread "AWT-XAWT" daemon [_thread_in_native, id=2791, stack(0x00007f41cd558000,0x00007f41cd659000)]

siginfo:si_signo=SIGSEGV: si_errno=0, si_code=1 (SEGV_MAPERR), si_addr=0x0000000000000000

Registers:
RAX=0x00007f41f0f93900, RBX=0x00000000bd7190c8, RCX=0x00007f41f19eb320, RDX=0x0000000000000042
RSP=0x00007f41cd6575b8, RBP=0x00007f41cd6575e0, RSI=0x0000000000000000, RDI=0x00007f41e82cf1e8
R8 =0x0000000000000320, R9 =0x0000000000000000, R10=0x0000000000000432, R11=0x00007f41f0a2f870
R12=0x00007f41e82cf1e8, R13=0x0000000000000000, R14=0x00007f41cef4dfe0, R15=0x00007f41e82cf000
RIP=0x00007f41e505b17a, EFLAGS=0x0000000000010246, CSGSFS=0x0000000000000033, ERR=0x0000000000000004
  TRAPNO=0x000000000000000e

Top of Stack: (sp=0x00007f41cd6575b8)
0x00007f41cd6575b8:   00007f41ced18801 00000000bd7190c8
0x00007f41cd6575c8:   00007f4180128c60 00000000bd7190c8
0x00007f41cd6575d8:   00007f41cd6576d0 0000000000000000
0x00007f41cd6575e8:   00007f41ce814ae8 00000000bd7190c8
0x00007f41cd6575f8:   00007f41cd657620 0000000000000000
0x00007f41cd657608:   00007f41ce80c9a3 00000000bd7190c8
0x00007f41cd657618:   00007f41ced0e68f 00007f41cd657698
0x00007f41cd657628:   00007f41e50127f8 0000000000000000
0x00007f41cd657638:   00000000c295a5a0 00000000c2940d80
0x00007f41cd657648:   00007f41cd657648 00000000be1fbc76
0x00007f41cd657658:   00007f41cd657658 0000000000000000
0x00007f41cd657668:   00007f41cd6576d0 00000000bd71f198
0x00007f41cd657678:   0000000000000000 00000000bd7190c8
0x00007f41cd657688:   0000000000000000 00007f41cd6576e0
0x00007f41cd657698:   0000000000000000 00007f41e50fb6a4
0x00007f41cd6576a8:   00000000c28ca6d8 00007f41e500ecc0
0x00007f41cd6576b8:   0000000000000000 0000000000000009
0x00007f41cd6576c8:   00007f41b0001020 0000000000000000
0x00007f41cd6576d8:   00007f41e50fb6a4 00000002ec230528
0x00007f41cd6576e8:   0000000500000000 0000000000000000
0x00007f41cd6576f8:   00000000c26e2158 00007f41b0001020
0x00007f41cd657708:   00000000c2cde680 00007f41b0001020
0x00007f41cd657718:   00000000c295a5a0 0000000000000000
0x00007f41cd657728:   00000000ec90ad28 0000000000000009
0x00007f41cd657738:   0000000000000000 00007f41cd6577a0
0x00007f41cd657748:   00007f41e5006058 0000000000000000
0x00007f41cd657758:   00000000c26e2158 00007f41cd657760
0x00007f41cd657768:   00000000bd6bc75d 00007f41cd6577b0
0x00007f41cd657778:   00000000bd6d9c80 0000000000000000
0x00007f41cd657788:   00000000bd6bc768 00007f41cd657750
0x00007f41cd657798:   00007f41cd6577b0 00007f41cd6577f8
0x00007f41cd6577a8:   00007f41e5006706 00000000c26e2158 

Instructions: (pc=0x00007f41e505b17a)
0x00007f41e505b15a:   00 00 00 00 00 00 44 8b 15 01 c2 f6 0b 4c 8b ce
0x00007f41e505b16a:   41 f6 c2 01 0f 85 2e 00 00 00 4d 33 ca 4d 33 ca
0x00007f41e505b17a:   4d 8b 09 4c 8b da 49 c1 eb 02 4b 8b 04 19 49 bb
0x00007f41e505b18a:   68 73 fc f0 41 7f 00 00 4c 33 d8 4c 33 d8 45 3b 

Register to memory mapping:

RAX=0x00007f41f0f93900: <offset 0xe16900> in /home/tony/jdk1.7.0_67/jre/lib/amd64/server/libjvm.so at 0x00007f41f017d000
RBX=0x00000000bd7190c8 is an oop
{method} 
 - klass: {other class}
RCX=0x00007f41f19eb320: <offset 0x219320> in /lib/x86_64-linux-gnu/libpthread.so.0 at 0x00007f41f17d2000
RDX=0x0000000000000042 is an unknown value
RSP=0x00007f41cd6575b8 is pointing into the stack for thread: 0x00007f41e82cf000
RBP=0x00007f41cd6575e0 is pointing into the stack for thread: 0x00007f41e82cf000
RSI=0x0000000000000000 is an unknown value
RDI=0x00007f41e82cf1e8 is an unknown value
R8 =0x0000000000000320 is an unknown value
R9 =0x0000000000000000 is an unknown value
R10=0x0000000000000432 is an unknown value
R11=0x00007f41f0a2f870: <offset 0x8b2870> in /home/tony/jdk1.7.0_67/jre/lib/amd64/server/libjvm.so at 0x00007f41f017d000
R12=0x00007f41e82cf1e8 is an unknown value
R13=0x0000000000000000 is an unknown value
R14=0x00007f41cef4dfe0: <offset 0x253fe0> in /home/tony/jdk1.7.0_67/jre/lib/amd64/xawt/libmawt.so at 0x00007f41cecfa000
R15=0x00007f41e82cf000 is a thread


Stack: [0x00007f41cd558000,0x00007f41cd659000],  sp=0x00007f41cd6575b8,  free space=1021k
Native frames: (J=compiled Java code, j=interpreted, Vv=VM code, C=native code)
v  ~BufferBlob::jni_fast_GetLongField

Java frames: (J=compiled Java code, j=interpreted, Vv=VM code)
j  sun.awt.X11.XlibWrapper.XFilterEvent(JJ)Z+0
J 231% C2 sun.awt.X11.XToolkit.run(Z)V (410 bytes) @ 0x00007f41e50fb6a4 [0x00007f41e50fae60+0x844]
j  sun.awt.X11.XToolkit.run()V+5
j  java.lang.Thread.run()V+11
v  ~StubRoutines::call_stub

---------------  P R O C E S S  ---------------

Java Threads: ( => current thread )
  0x00007f4184017800 JavaThread "Thread-10" daemon [_thread_blocked, id=2834, stack(0x00007f4178199000,0x00007f417829a000)]
  0x00007f4184016000 JavaThread "Thread-9" daemon [_thread_in_native, id=2833, stack(0x00007f417829a000,0x00007f417839b000)]
  0x00007f4180302000 JavaThread "Thread-8" daemon [_thread_in_native, id=2832, stack(0x00007f417839b000,0x00007f417849c000)]
  0x00007f418012b800 JavaThread "TimerQueue" daemon [_thread_blocked, id=2803, stack(0x00007f419cec0000,0x00007f419cfc1000)]
  0x00007f41e8009800 JavaThread "DestroyJavaVM" [_thread_blocked, id=2778, stack(0x00007f41f1af5000,0x00007f41f1bf6000)]
  0x00007f41e84ce000 JavaThread "AWT-EventQueue-0" [_thread_blocked, id=2801, stack(0x00007f419dbf6000,0x00007f419dcf7000)]
  0x00007f41e84d1000 JavaThread "AWT-Shutdown" [_thread_blocked, id=2800, stack(0x00007f41a5bec000,0x00007f41a5ced000)]
  0x00007f41e84c7000 JavaThread "Thread-1" daemon [_thread_blocked, id=2799, stack(0x00007f41a5ced000,0x00007f41a5dee000)]
  0x00007f41e84d3000 JavaThread "Thread-0" daemon [_thread_in_native, id=2798, stack(0x00007f41cc00a000,0x00007f41cc10b000)]
=>0x00007f41e82cf000 JavaThread "AWT-XAWT" daemon [_thread_in_native, id=2791, stack(0x00007f41cd558000,0x00007f41cd659000)]
  0x00007f41e82b2000 JavaThread "Java2D Disposer" daemon [_thread_blocked, id=2790, stack(0x00007f41cda69000,0x00007f41cdb6a000)]
  0x00007f41e813c000 JavaThread "Service Thread" daemon [_thread_blocked, id=2788, stack(0x00007f41cf519000,0x00007f41cf61a000)]
  0x00007f41e8139800 JavaThread "C2 CompilerThread1" daemon [_thread_blocked, id=2787, stack(0x00007f41cf61a000,0x00007f41cf71b000)]
  0x00007f41e8136800 JavaThread "C2 CompilerThread0" daemon [_thread_blocked, id=2786, stack(0x00007f41cf71b000,0x00007f41cf81c000)]
  0x00007f41e8135000 JavaThread "Signal Dispatcher" daemon [_thread_in_vm, id=2785, stack(0x00007f41cf81c000,0x00007f41cf91d000)]
  0x00007f41e8114800 JavaThread "Finalizer" daemon [_thread_blocked, id=2784, stack(0x00007f41e40f1000,0x00007f41e41f2000)]
  0x00007f41e8112800 JavaThread "Reference Handler" daemon [_thread_blocked, id=2783, stack(0x00007f41e41f2000,0x00007f41e42f3000)]

Other Threads:
  0x00007f41e810e000 VMThread [stack: 0x00007f41e42f3000,0x00007f41e43f4000] [id=2782]
  0x00007f41e8146800 WatcherThread [stack: 0x00007f41cf418000,0x00007f41cf519000] [id=2789]

VM state:not at safepoint (normal execution)

VM Mutex/Monitor currently owned by a thread:  ([mutex/lock_event])
[0x00007f41e8005e50] Threads_lock - owner thread: 0x00007f41e8135000

Heap
 PSYoungGen      total 24576K, used 12718K [0x00000000eb680000, 0x00000000ed680000, 0x0000000100000000)
  eden space 16384K, 75% used [0x00000000eb680000,0x00000000ec283888,0x00000000ec680000)
  from space 8192K, 5% used [0x00000000ece80000,0x00000000ecee8000,0x00000000ed680000)
  to   space 8192K, 0% used [0x00000000ec680000,0x00000000ec680000,0x00000000ece80000)
 ParOldGen       total 41984K, used 15312K [0x00000000c2400000, 0x00000000c4d00000, 0x00000000eb680000)
  object space 41984K, 36% used [0x00000000c2400000,0x00000000c32f4300,0x00000000c4d00000)
 PSPermGen       total 24576K, used 24547K [0x00000000bd200000, 0x00000000bea00000, 0x00000000c2400000)
  object space 24576K, 99% used [0x00000000bd200000,0x00000000be9f8f80,0x00000000bea00000)

Card table byte_map: [0x00007f41eebc7000,0x00007f41eeddf000] byte_map_base: 0x00007f41ee5de000

Polling page: 0x00007f41f1c0f000

Code Cache  [0x00007f41e5000000, 0x00007f41e5270000, 0x00007f41e8000000)
 total_blobs=1356 nmethods=782 adapters=527 free_code_cache=46769Kb largest_free_block=47844288

Compilation events (10 events):
Event: 27240.677 Thread 0x00007f41e8136800  829             scala.collection.GenTraversable$class::$init$ (1 bytes)
Event: 27240.678 Thread 0x00007f41e8136800 nmethod 829 0x00007f41e5113e90 code [0x00007f41e5113fc0, 0x00007f41e5113ff8]
Event: 27241.543 Thread 0x00007f41e8139800  830             javax.swing.plaf.synth.SynthScrollBarUI::getMinimumThumbSize (66 bytes)
Event: 27241.544 Thread 0x00007f41e8139800 nmethod 830 0x00007f41e524ad50 code [0x00007f41e524aea0, 0x00007f41e524af58]
Event: 27241.795 Thread 0x00007f41e8136800  831             sun.awt.X11.XWindow::getGraphics (67 bytes)
Event: 27241.797 Thread 0x00007f41e8136800 nmethod 831 0x00007f41e524a890 code [0x00007f41e524aa00, 0x00007f41e524aba8]
Event: 27243.142 Thread 0x00007f41e8136800  832  s          javax.swing.RepaintManager$ProcessingRunnable::markPending (16 bytes)
Event: 27243.143 Thread 0x00007f41e8136800 nmethod 832 0x00007f41e524e8d0 code [0x00007f41e524ea00, 0x00007f41e524ecf8]
Event: 365385.169 Thread 0x00007f41e8136800  833             sun.awt.X11.XAtom::getAtom (5 bytes)
Event: 365385.428 Thread 0x00007f41e8136800 nmethod 833 0x00007f41e5245490 code [0x00007f41e52455c0, 0x00007f41e5245618]

GC Heap History (10 events):
Event: 16316.589 GC heap before
{Heap before GC invocations=8 (full 0):
 PSYoungGen      total 25088K, used 17812K [0x00000000eb680000, 0x00000000ed780000, 0x0000000100000000)
  eden space 16384K, 100% used [0x00000000eb680000,0x00000000ec680000,0x00000000ec680000)
  from space 8704K, 16% used [0x00000000ec680000,0x00000000ec7e5178,0x00000000ecf00000)
  to   space 8704K, 0% used [0x00000000ecf00000,0x00000000ecf00000,0x00000000ed780000)
 ParOldGen       total 41984K, used 9662K [0x00000000c2400000, 0x00000000c4d00000, 0x00000000eb680000)
  object space 41984K, 23% used [0x00000000c2400000,0x00000000c2d6f888,0x00000000c4d00000)
 PSPermGen       total 24576K, used 24453K [0x00000000bd200000, 0x00000000bea00000, 0x00000000c2400000)
  object space 24576K, 99% used [0x00000000bd200000,0x00000000be9e1680,0x00000000bea00000)
Event: 16316.593 GC heap after
Heap after GC invocations=8 (full 0):
 PSYoungGen      total 24064K, used 2321K [0x00000000eb680000, 0x00000000ed680000, 0x0000000100000000)
  eden space 16384K, 0% used [0x00000000eb680000,0x00000000eb680000,0x00000000ec680000)
  from space 7680K, 30% used [0x00000000ecf00000,0x00000000ed144750,0x00000000ed680000)
  to   space 8192K, 0% used [0x00000000ec680000,0x00000000ec680000,0x00000000ece80000)
 ParOldGen       total 41984K, used 11498K [0x00000000c2400000, 0x00000000c4d00000, 0x00000000eb680000)
  object space 41984K, 27% used [0x00000000c2400000,0x00000000c2f3abd0,0x00000000c4d00000)
 PSPermGen       total 24576K, used 24453K [0x00000000bd200000, 0x00000000bea00000, 0x00000000c2400000)
  object space 24576K, 99% used [0x00000000bd200000,0x00000000be9e1680,0x00000000bea00000)
}
Event: 16369.194 GC heap before
{Heap before GC invocations=9 (full 0):
 PSYoungGen      total 24064K, used 18705K [0x00000000eb680000, 0x00000000ed680000, 0x0000000100000000)
  eden space 16384K, 100% used [0x00000000eb680000,0x00000000ec680000,0x00000000ec680000)
  from space 7680K, 30% used [0x00000000ecf00000,0x00000000ed144750,0x00000000ed680000)
  to   space 8192K, 0% used [0x00000000ec680000,0x00000000ec680000,0x00000000ece80000)
 ParOldGen       total 41984K, used 11498K [0x00000000c2400000, 0x00000000c4d00000, 0x00000000eb680000)
  object space 41984K, 27% used [0x00000000c2400000,0x00000000c2f3abf0,0x00000000c4d00000)
 PSPermGen       total 24576K, used 24487K [0x00000000bd200000, 0x00000000bea00000, 0x00000000c2400000)
  object space 24576K, 99% used [0x00000000bd200000,0x00000000be9e9c28,0x00000000bea00000)
Event: 16369.197 GC heap after
Heap after GC invocations=9 (full 0):
 PSYoungGen      total 24576K, used 544K [0x00000000eb680000, 0x00000000ed680000, 0x0000000100000000)
  eden space 16384K, 0% used [0x00000000eb680000,0x00000000eb680000,0x00000000ec680000)
  from space 8192K, 6% used [0x00000000ec680000,0x00000000ec708020,0x00000000ece80000)
  to   space 8192K, 0% used [0x00000000ece80000,0x00000000ece80000,0x00000000ed680000)
 ParOldGen       total 41984K, used 11705K [0x00000000c2400000, 0x00000000c4d00000, 0x00000000eb680000)
  object space 41984K, 27% used [0x00000000c2400000,0x00000000c2f6e608,0x00000000c4d00000)
 PSPermGen       total 24576K, used 24487K [0x00000000bd200000, 0x00000000bea00000, 0x00000000c2400000)
  object space 24576K, 99% used [0x00000000bd200000,0x00000000be9e9c28,0x00000000bea00000)
}
Event: 18255.317 GC heap before
{Heap before GC invocations=10 (full 0):
 PSYoungGen      total 24576K, used 16928K [0x00000000eb680000, 0x00000000ed680000, 0x0000000100000000)
  eden space 16384K, 100% used [0x00000000eb680000,0x00000000ec680000,0x00000000ec680000)
  from space 8192K, 6% used [0x00000000ec680000,0x00000000ec708020,0x00000000ece80000)
  to   space 8192K, 0% used [0x00000000ece80000,0x00000000ece80000,0x00000000ed680000)
 ParOldGen       total 41984K, used 11712K [0x00000000c2400000, 0x00000000c4d00000, 0x00000000eb680000)
  object space 41984K, 27% used [0x00000000c2400000,0x00000000c2f70080,0x00000000c4d00000)
 PSPermGen       total 24576K, used 24509K [0x00000000bd200000, 0x00000000bea00000, 0x00000000c2400000)
  object space 24576K, 99% used [0x00000000bd200000,0x00000000be9ef4b0,0x00000000bea00000)
Event: 18255.340 GC heap after
Heap after GC invocations=10 (full 0):
 PSYoungGen      total 24576K, used 1524K [0x00000000eb680000, 0x00000000ed680000, 0x0000000100000000)
  eden space 16384K, 0% used [0x00000000eb680000,0x00000000eb680000,0x00000000ec680000)
  from space 8192K, 18% used [0x00000000ece80000,0x00000000ecffd308,0x00000000ed680000)
  to   space 8192K, 0% used [0x00000000ec680000,0x00000000ec680000,0x00000000ece80000)
 ParOldGen       total 41984K, used 11785K [0x00000000c2400000, 0x00000000c4d00000, 0x00000000eb680000)
  object space 41984K, 28% used [0x00000000c2400000,0x00000000c2f827b8,0x00000000c4d00000)
 PSPermGen       total 24576K, used 24509K [0x00000000bd200000, 0x00000000bea00000, 0x00000000c2400000)
  object space 24576K, 99% used [0x00000000bd200000,0x00000000be9ef4b0,0x00000000bea00000)
}
Event: 18272.485 GC heap before
{Heap before GC invocations=11 (full 0):
 PSYoungGen      total 24576K, used 17908K [0x00000000eb680000, 0x00000000ed680000, 0x0000000100000000)
  eden space 16384K, 100% used [0x00000000eb680000,0x00000000ec680000,0x00000000ec680000)
  from space 8192K, 18% used [0x00000000ece80000,0x00000000ecffd308,0x00000000ed680000)
  to   space 8192K, 0% used [0x00000000ec680000,0x00000000ec680000,0x00000000ece80000)
 ParOldGen       total 41984K, used 11785K [0x00000000c2400000, 0x00000000c4d00000, 0x00000000eb680000)
  object space 41984K, 28% used [0x00000000c2400000,0x00000000c2f827b8,0x00000000c4d00000)
 PSPermGen       total 24576K, used 24521K [0x00000000bd200000, 0x00000000bea00000, 0x00000000c2400000)
  object space 24576K, 99% used [0x00000000bd200000,0x00000000be9f27d8,0x00000000bea00000)
Event: 18272.675 GC heap after
Heap after GC invocations=11 (full 0):
 PSYoungGen      total 24576K, used 224K [0x00000000eb680000, 0x00000000ed680000, 0x0000000100000000)
  eden space 16384K, 0% used [0x00000000eb680000,0x00000000eb680000,0x00000000ec680000)
  from space 8192K, 2% used [0x00000000ec680000,0x00000000ec6b8000,0x00000000ece80000)
  to   space 8192K, 0% used [0x00000000ece80000,0x00000000ece80000,0x00000000ed680000)
 ParOldGen       total 41984K, used 15216K [0x00000000c2400000, 0x00000000c4d00000, 0x00000000eb680000)
  object space 41984K, 36% used [0x00000000c2400000,0x00000000c32dc348,0x00000000c4d00000)
 PSPermGen       total 24576K, used 24521K [0x00000000bd200000, 0x00000000bea00000, 0x00000000c2400000)
  object space 24576K, 99% used [0x00000000bd200000,0x00000000be9f27d8,0x00000000bea00000)
}
Event: 27237.763 GC heap before
{Heap before GC invocations=12 (full 0):
 PSYoungGen      total 24576K, used 16608K [0x00000000eb680000, 0x00000000ed680000, 0x0000000100000000)
  eden space 16384K, 100% used [0x00000000eb680000,0x00000000ec680000,0x00000000ec680000)
  from space 8192K, 2% used [0x00000000ec680000,0x00000000ec6b8000,0x00000000ece80000)
  to   space 8192K, 0% used [0x00000000ece80000,0x00000000ece80000,0x00000000ed680000)
 ParOldGen       total 41984K, used 15216K [0x00000000c2400000, 0x00000000c4d00000, 0x00000000eb680000)
  object space 41984K, 36% used [0x00000000c2400000,0x00000000c32dc348,0x00000000c4d00000)
 PSPermGen       total 24576K, used 24522K [0x00000000bd200000, 0x00000000bea00000, 0x00000000c2400000)
  object space 24576K, 99% used [0x00000000bd200000,0x00000000be9f2be8,0x00000000bea00000)
Event: 27237.769 GC heap after
Heap after GC invocations=12 (full 0):
 PSYoungGen      total 24576K, used 416K [0x00000000eb680000, 0x00000000ed680000, 0x0000000100000000)
  eden space 16384K, 0% used [0x00000000eb680000,0x00000000eb680000,0x00000000ec680000)
  from space 8192K, 5% used [0x00000000ece80000,0x00000000ecee8000,0x00000000ed680000)
  to   space 8192K, 0% used [0x00000000ec680000,0x00000000ec680000,0x00000000ece80000)
 ParOldGen       total 41984K, used 15312K [0x00000000c2400000, 0x00000000c4d00000, 0x00000000eb680000)
  object space 41984K, 36% used [0x00000000c2400000,0x00000000c32f4300,0x00000000c4d00000)
 PSPermGen       total 24576K, used 24522K [0x00000000bd200000, 0x00000000bea00000, 0x00000000c2400000)
  object space 24576K, 99% used [0x00000000bd200000,0x00000000be9f2be8,0x00000000bea00000)
}

Deoptimization events (10 events):
Event: 10856.867 Thread 0x00007f41e84ce000 Uncommon trap: reason=class_check action=maybe_recompile pc=0x00007f41e5137d74 method=javax.swing.plaf.basic.BasicTextUI$RootView.getPreferredSpan(I)F @ 12
Event: 10856.867 Thread 0x00007f41e84ce000 Uncommon trap: reason=class_check action=maybe_recompile pc=0x00007f41e5137d74 method=javax.swing.plaf.basic.BasicTextUI$RootView.getPreferredSpan(I)F @ 12
Event: 10856.867 Thread 0x00007f41e84ce000 Uncommon trap: reason=class_check action=maybe_recompile pc=0x00007f41e5124d94 method=javax.swing.JComponent.getInsets()Ljava/awt/Insets; @ 12
Event: 10856.867 Thread 0x00007f41e84ce000 Uncommon trap: reason=bimorphic action=maybe_recompile pc=0x00007f41e511b5a4 method=javax.swing.border.AbstractBorder.getBorderInsets(Ljava/awt/Component;)Ljava/awt/Insets; @ 13
Event: 14647.949 Thread 0x00007f41e84ce000 Uncommon trap: reason=unreached action=reinterpret pc=0x00007f41e51b88a8 method=com.sun.java.swing.plaf.gtk.GTKLookAndFeel.synthStateToGTKState(Ljavax/swing/plaf/synth/Region;I)I @ 69
Event: 14653.698 Thread 0x00007f41e84ce000 Uncommon trap: reason=bimorphic action=maybe_recompile pc=0x00007f41e51689e4 method=sun.java2d.pipe.DrawImage.blitSurfaceData(Lsun/java2d/SunGraphics2D;Lsun/java2d/pipe/Region;Lsun/java2d/SurfaceData;Lsun/java2d/SurfaceData;Lsun/java2d/loops/SurfaceType;L
Event: 16310.137 Thread 0x00007f41e84ce000 Uncommon trap: reason=bimorphic action=maybe_recompile pc=0x00007f41e516325c method=sun.java2d.pipe.DrawImage.blitSurfaceData(Lsun/java2d/SunGraphics2D;Lsun/java2d/pipe/Region;Lsun/java2d/SurfaceData;Lsun/java2d/SurfaceData;Lsun/java2d/loops/SurfaceType;L
Event: 25963.034 Thread 0x00007f41e84ce000 Uncommon trap: reason=unreached action=reinterpret pc=0x00007f41e51b4048 method=java.awt.EventQueue.coalesceEvent(Ljava/awt/AWTEvent;I)Z @ 56
Event: 25963.119 Thread 0x00007f41e84ce000 Uncommon trap: reason=unreached action=reinterpret pc=0x00007f41e51b1854 method=java.awt.EventQueue.coalesceEvent(Ljava/awt/AWTEvent;I)Z @ 56
Event: 26836.998 Thread 0x00007f41e84ce000 Uncommon trap: reason=unreached action=reinterpret pc=0x00007f41e51ab854 method=java.awt.EventQueue.coalesceEvent(Ljava/awt/AWTEvent;I)Z @ 56

Internal exceptions (10 events):
Event: 10852.892 Thread 0x00007f4188007000 Threw 0x00000000ec5e2ea8 at /HUDSON/workspace/7u-2-build-linux-amd64/jdk7u67/1368/hotspot/src/share/vm/prims/jni.cpp:717
Event: 10876.215 Thread 0x00007f4188007000 Threw 0x00000000eb74e398 at /HUDSON/workspace/7u-2-build-linux-amd64/jdk7u67/1368/hotspot/src/share/vm/prims/jni.cpp:717
Event: 14654.092 Thread 0x00007f4188007000 Threw 0x00000000ebf3c5f8 at /HUDSON/workspace/7u-2-build-linux-amd64/jdk7u67/1368/hotspot/src/share/vm/prims/jni.cpp:717
Event: 16310.451 Thread 0x00007f4188007000 Threw 0x00000000ec670968 at /HUDSON/workspace/7u-2-build-linux-amd64/jdk7u67/1368/hotspot/src/share/vm/prims/jni.cpp:717
Event: 16346.702 Thread 0x00007f4188007000 Threw 0x00000000eb7ee8e8 at /HUDSON/workspace/7u-2-build-linux-amd64/jdk7u67/1368/hotspot/src/share/vm/prims/jni.cpp:717
Event: 18074.223 Thread 0x00007f4188007000 Threw 0x00000000ebe2f740 at /HUDSON/workspace/7u-2-build-linux-amd64/jdk7u67/1368/hotspot/src/share/vm/prims/jni.cpp:717
Event: 18110.553 Thread 0x00007f4188007000 Threw 0x00000000ec0b7ef8 at /HUDSON/workspace/7u-2-build-linux-amd64/jdk7u67/1368/hotspot/src/share/vm/prims/jni.cpp:717
Event: 18243.068 Thread 0x00007f4188007000 Threw 0x00000000ec2345d0 at /HUDSON/workspace/7u-2-build-linux-amd64/jdk7u67/1368/hotspot/src/share/vm/prims/jni.cpp:717
Event: 27212.117 Thread 0x00007f4188007000 Threw 0x00000000eb942b18 at /HUDSON/workspace/7u-2-build-linux-amd64/jdk7u67/1368/hotspot/src/share/vm/prims/jni.cpp:717
Event: 288861.328 Thread 0x00007f41e84ce000 Threw 0x00000000ec01cc38 at /HUDSON/workspace/7u-2-build-linux-amd64/jdk7u67/1368/hotspot/src/share/vm/prims/jvm.cpp:1244

Events (10 events):
Event: 27261.543 Executing VM operation: BulkRevokeBias done
Event: 27305.971 Executing VM operation: RevokeBias
Event: 27305.971 Executing VM operation: RevokeBias done
Event: 27305.971 Thread 0x00007f418044e000 Thread exited: 0x00007f418044e000
Event: 288861.219 loading class 0x00007f4180063c70
Event: 288861.228 loading class 0x00007f4180063c70 done
Event: 288996.720 loading class 0x00007f41bc1d4c70
Event: 288996.774 loading class 0x00007f41bc1d4c70 done
Event: 449234.913 loading class 0x00007f41bc06adb0
Event: 449252.478 loading class 0x00007f41bc06adb0 done


Dynamic libraries:
00400000-00401000 r-xp 00000000 08:01 5641703                            /home/tony/jdk1.7.0_67/jre/bin/java
00600000-00601000 rw-p 00000000 08:01 5641703                            /home/tony/jdk1.7.0_67/jre/bin/java
008d7000-008f8000 rw-p 00000000 00:00 0                                  [heap]
bd200000-bea00000 rw-p 00000000 00:00 0 
bea00000-c2400000 rw-p 00000000 00:00 0 
c2400000-c4d00000 rw-p 00000000 00:00 0 
c4d00000-eb680000 rw-p 00000000 00:00 0 
eb680000-ed680000 rw-p 00000000 00:00 0 
ed680000-ed880000 ---p 00000000 00:00 0 
ed880000-100000000 rw-p 00000000 00:00 0 
7f4177e96000-7f4177e99000 ---p 00000000 00:00 0 
7f4177e99000-7f4177f97000 rw-p 00000000 00:00 0 
7f4177f97000-7f4177f9a000 ---p 00000000 00:00 0 
7f4177f9a000-7f4178098000 rw-p 00000000 00:00 0 
7f4178098000-7f417809b000 ---p 00000000 00:00 0 
7f417809b000-7f4178199000 rw-p 00000000 00:00 0 
7f4178199000-7f417819c000 ---p 00000000 00:00 0 
7f417819c000-7f417829a000 rw-p 00000000 00:00 0                          [stack:2834]
7f417829a000-7f417829d000 ---p 00000000 00:00 0 
7f417829d000-7f417839b000 rw-p 00000000 00:00 0                          [stack:2833]
7f417839b000-7f417839e000 ---p 00000000 00:00 0 
7f417839e000-7f417849c000 rw-p 00000000 00:00 0                          [stack:2832]
7f417849c000-7f417849f000 ---p 00000000 00:00 0 
7f417849f000-7f417859d000 rw-p 00000000 00:00 0 
7f417859d000-7f41785a0000 ---p 00000000 00:00 0 
7f41785a0000-7f417869e000 rw-p 00000000 00:00 0 
7f417869e000-7f417a9bc000 r--p 00000000 08:01 2518814                    /usr/share/icons/hicolor/icon-theme.cache (deleted)
7f417a9bc000-7f417c000000 r--p 00000000 08:01 2518854                    /usr/share/icons/gnome/icon-theme.cache
7f417c000000-7f417c021000 rw-p 00000000 00:00 0 
7f417c021000-7f4180000000 ---p 00000000 00:00 0 
7f4180000000-7f41806b0000 rw-p 00000000 00:00 0 
7f41806b0000-7f4184000000 ---p 00000000 00:00 0 
7f4184000000-7f4184021000 rw-p 00000000 00:00 0 
7f4184021000-7f4188000000 ---p 00000000 00:00 0 
7f4188000000-7f4188021000 rw-p 00000000 00:00 0 
7f4188021000-7f418c000000 ---p 00000000 00:00 0 
7f418c000000-7f418c022000 rw-p 00000000 00:00 0 
7f418c022000-7f4190000000 ---p 00000000 00:00 0 
7f4190000000-7f4190022000 rw-p 00000000 00:00 0 
7f4190022000-7f4194000000 ---p 00000000 00:00 0 
7f4194000000-7f419402b000 rw-p 00000000 00:00 0 
7f419402b000-7f4198000000 ---p 00000000 00:00 0 
7f4198000000-7f4198022000 rw-p 00000000 00:00 0 
7f4198022000-7f419c000000 ---p 00000000 00:00 0 
7f419c017000-7f419c0a2000 rw-s 00000000 00:04 33652751                   /SYSV00000000 (deleted)
7f419c0a2000-7f419c0a5000 ---p 00000000 00:00 0 
7f419c0a5000-7f419c0db000 rw-p 00000000 00:00 0 
7f419c0db000-7f419c0fc000 r-xp 00000000 08:01 3542982                    /lib/x86_64-linux-gnu/liblzma.so.5.0.0
7f419c0fc000-7f419c2fb000 ---p 00021000 08:01 3542982                    /lib/x86_64-linux-gnu/liblzma.so.5.0.0
7f419c2fb000-7f419c2fc000 r--p 00020000 08:01 3542982                    /lib/x86_64-linux-gnu/liblzma.so.5.0.0
7f419c2fc000-7f419c2fd000 rw-p 00021000 08:01 3542982                    /lib/x86_64-linux-gnu/liblzma.so.5.0.0
7f419c2fd000-7f419c459000 r-xp 00000000 08:01 1320011                    /usr/lib/x86_64-linux-gnu/libxml2.so.2.9.1
7f419c459000-7f419c658000 ---p 0015c000 08:01 1320011                    /usr/lib/x86_64-linux-gnu/libxml2.so.2.9.1
7f419c658000-7f419c660000 r--p 0015b000 08:01 1320011                    /usr/lib/x86_64-linux-gnu/libxml2.so.2.9.1
7f419c660000-7f419c662000 rw-p 00163000 08:01 1320011                    /usr/lib/x86_64-linux-gnu/libxml2.so.2.9.1
7f419c662000-7f419c663000 rw-p 00000000 00:00 0 
7f419c663000-7f419c69b000 r-xp 00000000 08:01 1319119                    /usr/lib/x86_64-linux-gnu/libcroco-0.6.so.3.0.1
7f419c69b000-7f419c89a000 ---p 00038000 08:01 1319119                    /usr/lib/x86_64-linux-gnu/libcroco-0.6.so.3.0.1
7f419c89a000-7f419c89d000 r--p 00037000 08:01 1319119                    /usr/lib/x86_64-linux-gnu/libcroco-0.6.so.3.0.1
7f419c89d000-7f419c89e000 rw-p 0003a000 08:01 1319119                    /usr/lib/x86_64-linux-gnu/libcroco-0.6.so.3.0.1
7f419c89e000-7f419c8d2000 r-xp 00000000 08:01 1319768                    /usr/lib/x86_64-linux-gnu/librsvg-2.so.2.40.2
7f419c8d2000-7f419cad1000 ---p 00034000 08:01 1319768                    /usr/lib/x86_64-linux-gnu/librsvg-2.so.2.40.2
7f419cad1000-7f419cad2000 r--p 00033000 08:01 1319768                    /usr/lib/x86_64-linux-gnu/librsvg-2.so.2.40.2
7f419cad2000-7f419cad3000 rw-p 00034000 08:01 1319768                    /usr/lib/x86_64-linux-gnu/librsvg-2.so.2.40.2
7f419cad3000-7f419cad5000 r-xp 00000000 08:01 1704263                    /usr/lib/x86_64-linux-gnu/gdk-pixbuf-2.0/2.10.0/loaders/libpixbufloader-svg.so
7f419cad5000-7f419ccd4000 ---p 00002000 08:01 1704263                    /usr/lib/x86_64-linux-gnu/gdk-pixbuf-2.0/2.10.0/loaders/libpixbufloader-svg.so
7f419ccd4000-7f419ccd5000 r--p 00001000 08:01 1704263                    /usr/lib/x86_64-linux-gnu/gdk-pixbuf-2.0/2.10.0/loaders/libpixbufloader-svg.so
7f419ccd5000-7f419ccd6000 rw-p 00002000 08:01 1704263                    /usr/lib/x86_64-linux-gnu/gdk-pixbuf-2.0/2.10.0/loaders/libpixbufloader-svg.so
7f419ccd6000-7f419cdbf000 r--p 00000000 08:01 2514954                    /usr/share/icons/Humanity/icon-theme.cache
7f419cdbf000-7f419cdc2000 ---p 00000000 00:00 0 
7f419cdc2000-7f419cec0000 rw-p 00000000 00:00 0 
7f419cec0000-7f419cec3000 ---p 00000000 00:00 0 
7f419cec3000-7f419cfc1000 rw-p 00000000 00:00 0                          [stack:2803]
7f419cfc1000-7f419cfc4000 ---p 00000000 00:00 0 
7f419cfc4000-7f419d0c2000 rw-p 00000000 00:00 0 
7f419d0c2000-7f419d1eb000 rw-s 00000000 00:04 1605646                    /SYSV00000000 (deleted)
7f419d1eb000-7f419d3ed000 rw-p 00000000 00:00 0 
7f419d3ed000-7f419d46d000 rw-s 00000000 00:04 1572877                    /SYSV00000000 (deleted)
7f419d46d000-7f419d472000 r-xp 00000000 08:01 3543008                    /lib/x86_64-linux-gnu/libnss_dns-2.19.so
7f419d472000-7f419d671000 ---p 00005000 08:01 3543008                    /lib/x86_64-linux-gnu/libnss_dns-2.19.so
7f419d671000-7f419d672000 r--p 00004000 08:01 3543008                    /lib/x86_64-linux-gnu/libnss_dns-2.19.so
7f419d672000-7f419d673000 rw-p 00005000 08:01 3543008                    /lib/x86_64-linux-gnu/libnss_dns-2.19.so
7f419d673000-7f419d675000 r-xp 00000000 08:01 3543016                    /lib/x86_64-linux-gnu/libnss_mdns4_minimal.so.2
7f419d675000-7f419d874000 ---p 00002000 08:01 3543016                    /lib/x86_64-linux-gnu/libnss_mdns4_minimal.so.2
7f419d874000-7f419d875000 r--p 00001000 08:01 3543016                    /lib/x86_64-linux-gnu/libnss_mdns4_minimal.so.2
7f419d875000-7f419d876000 rw-p 00002000 08:01 3543016                    /lib/x86_64-linux-gnu/libnss_mdns4_minimal.so.2
7f419d876000-7f419d879000 ---p 00000000 00:00 0 
7f419d879000-7f419d977000 rw-p 00000000 00:00 0                          [stack:25787]
7f419d977000-7f419d9e0000 r-xp 00000000 08:01 5641442                    /home/tony/jdk1.7.0_67/jre/lib/amd64/libt2k.so
7f419d9e0000-7f419dbdf000 ---p 00069000 08:01 5641442                    /home/tony/jdk1.7.0_67/jre/lib/amd64/libt2k.so
7f419dbdf000-7f419dbe6000 rw-p 00068000 08:01 5641442                    /home/tony/jdk1.7.0_67/jre/lib/amd64/libt2k.so
7f419dbe6000-7f419dbf6000 rw-p 00000000 00:00 0 
7f419dbf6000-7f419dbf9000 ---p 00000000 00:00 0 
7f419dbf9000-7f419dcf7000 rw-p 00000000 00:00 0                          [stack:2801]
7f419dcf7000-7f419dcf8000 ---p 00000000 00:00 0 
7f419dcf8000-7f419e4f8000 rw-p 00000000 00:00 0 
7f419e4f8000-7f419e4f9000 ---p 00000000 00:00 0 
7f419e4f9000-7f419ecf9000 rw-p 00000000 00:00 0 
7f419ecf9000-7f419ecfa000 ---p 00000000 00:00 0 
7f419ecfa000-7f419f4fa000 rw-p 00000000 00:00 0                          [stack:2794]
7f419f4fa000-7f419f553000 r-xp 00000000 08:01 1319493                    /usr/lib/x86_64-linux-gnu/libibus-1.0.so.5.0.505
7f419f553000-7f419f753000 ---p 00059000 08:01 1319493                    /usr/lib/x86_64-linux-gnu/libibus-1.0.so.5.0.505
7f419f753000-7f419f755000 r--p 00059000 08:01 1319493                    /usr/lib/x86_64-linux-gnu/libibus-1.0.so.5.0.505
7f419f755000-7f419f756000 rw-p 0005b000 08:01 1319493                    /usr/lib/x86_64-linux-gnu/libibus-1.0.so.5.0.505
7f419f756000-7f419f757000 rw-p 00000000 00:00 0 
7f419f757000-7f419f75d000 r-xp 00000000 08:01 1704351                    /usr/lib/x86_64-linux-gnu/gtk-2.0/2.10.0/immodules/im-ibus.so
7f419f75d000-7f419f95d000 ---p 00006000 08:01 1704351                    /usr/lib/x86_64-linux-gnu/gtk-2.0/2.10.0/immodules/im-ibus.so
7f419f95d000-7f419f95e000 r--p 00006000 08:01 1704351                    /usr/lib/x86_64-linux-gnu/gtk-2.0/2.10.0/immodules/im-ibus.so
7f419f95e000-7f419f95f000 rw-p 00007000 08:01 1704351                    /usr/lib/x86_64-linux-gnu/gtk-2.0/2.10.0/immodules/im-ibus.so
7f419f95f000-7f419f96f000 r-xp 00000000 08:01 5641457                    /home/tony/jdk1.7.0_67/jre/lib/amd64/libnio.so
7f419f96f000-7f419fb6f000 ---p 00010000 08:01 5641457                    /home/tony/jdk1.7.0_67/jre/lib/amd64/libnio.so
7f419fb6f000-7f419fb70000 rw-p 00010000 08:01 5641457                    /home/tony/jdk1.7.0_67/jre/lib/amd64/libnio.so
7f419fb70000-7f419fb86000 r-xp 00000000 08:01 5641417                    /home/tony/jdk1.7.0_67/jre/lib/amd64/libnet.so
7f419fb86000-7f419fd86000 ---p 00016000 08:01 5641417                    /home/tony/jdk1.7.0_67/jre/lib/amd64/libnet.so
7f419fd86000-7f419fd87000 rw-p 00016000 08:01 5641417                    /home/tony/jdk1.7.0_67/jre/lib/amd64/libnet.so
7f419fd87000-7f419fdec000 r-xp 00000000 08:01 5641422                    /home/tony/jdk1.7.0_67/jre/lib/amd64/libfontmanager.so
7f419fdec000-7f419ffeb000 ---p 00065000 08:01 5641422                    /home/tony/jdk1.7.0_67/jre/lib/amd64/libfontmanager.so
7f419ffeb000-7f419ffef000 rw-p 00064000 08:01 5641422                    /home/tony/jdk1.7.0_67/jre/lib/amd64/libfontmanager.so
7f419ffef000-7f41a0000000 rw-p 00000000 00:00 0 
7f41a0000000-7f41a0021000 rw-p 00000000 00:00 0 
7f41a0021000-7f41a4000000 ---p 00000000 00:00 0 
7f41a4024000-7f41a4084000 rw-s 00000000 00:04 1507339                    /SYSV00000000 (deleted)
7f41a4084000-7f41a4085000 ---p 00000000 00:00 0 
7f41a4085000-7f41a4885000 rw-p 00000000 00:00 0                          [stack:2793]
7f41a4885000-7f41a4886000 ---p 00000000 00:00 0 
7f41a4886000-7f41a5086000 rw-p 00000000 00:00 0                          [stack:2792]
7f41a5086000-7f41a5091000 r-xp 00000000 08:01 1704331                    /usr/lib/x86_64-linux-gnu/gio/modules/libdconfsettings.so
7f41a5091000-7f41a5291000 ---p 0000b000 08:01 1704331                    /usr/lib/x86_64-linux-gnu/gio/modules/libdconfsettings.so
7f41a5291000-7f41a5292000 r--p 0000b000 08:01 1704331                    /usr/lib/x86_64-linux-gnu/gio/modules/libdconfsettings.so
7f41a5292000-7f41a5293000 rw-p 0000c000 08:01 1704331                    /usr/lib/x86_64-linux-gnu/gio/modules/libdconfsettings.so
7f41a5293000-7f41a52ac000 r-xp 00000000 08:01 1704335                    /usr/lib/x86_64-linux-gnu/gio/modules/libgioremote-volume-monitor.so
7f41a52ac000-7f41a54ac000 ---p 00019000 08:01 1704335                    /usr/lib/x86_64-linux-gnu/gio/modules/libgioremote-volume-monitor.so
7f41a54ac000-7f41a54af000 r--p 00019000 08:01 1704335                    /usr/lib/x86_64-linux-gnu/gio/modules/libgioremote-volume-monitor.so
7f41a54af000-7f41a54b0000 rw-p 0001c000 08:01 1704335                    /usr/lib/x86_64-linux-gnu/gio/modules/libgioremote-volume-monitor.so
7f41a54b0000-7f41a54c6000 r-xp 00000000 08:01 3542962                    /lib/x86_64-linux-gnu/libgcc_s.so.1
7f41a54c6000-7f41a56c5000 ---p 00016000 08:01 3542962                    /lib/x86_64-linux-gnu/libgcc_s.so.1
7f41a56c5000-7f41a56c6000 rw-p 00015000 08:01 3542962                    /lib/x86_64-linux-gnu/libgcc_s.so.1
7f41a56c6000-7f41a57ac000 r-xp 00000000 08:01 1319843                    /usr/lib/x86_64-linux-gnu/libstdc++.so.6.0.19
7f41a57ac000-7f41a59ab000 ---p 000e6000 08:01 1319843                    /usr/lib/x86_64-linux-gnu/libstdc++.so.6.0.19
7f41a59ab000-7f41a59b3000 r--p 000e5000 08:01 1319843                    /usr/lib/x86_64-linux-gnu/libstdc++.so.6.0.19
7f41a59b3000-7f41a59b5000 rw-p 000ed000 08:01 1319843                    /usr/lib/x86_64-linux-gnu/libstdc++.so.6.0.19
7f41a59b5000-7f41a59ca000 rw-p 00000000 00:00 0 
7f41a59ca000-7f41a59ea000 r-xp 00000000 08:01 1319716                    /usr/lib/x86_64-linux-gnu/libproxy.so.1.0.0
7f41a59ea000-7f41a5be9000 ---p 00020000 08:01 1319716                    /usr/lib/x86_64-linux-gnu/libproxy.so.1.0.0
7f41a5be9000-7f41a5bea000 r--p 0001f000 08:01 1319716                    /usr/lib/x86_64-linux-gnu/libproxy.so.1.0.0
7f41a5bea000-7f41a5beb000 rw-p 00020000 08:01 1319716                    /usr/lib/x86_64-linux-gnu/libproxy.so.1.0.0
7f41a5bec000-7f41a5bef000 ---p 00000000 00:00 0 
7f41a5bef000-7f41a5ced000 rw-p 00000000 00:00 0                          [stack:2800]
7f41a5ced000-7f41a5cf0000 ---p 00000000 00:00 0 
7f41a5cf0000-7f41a5dee000 rw-p 00000000 00:00 0                          [stack:2799]
7f41a5dee000-7f41a5e32000 r-xp 00000000 08:01 3542949                    /lib/x86_64-linux-gnu/libdbus-1.so.3.7.6
7f41a5e32000-7f41a6031000 ---p 00044000 08:01 3542949                    /lib/x86_64-linux-gnu/libdbus-1.so.3.7.6
7f41a6031000-7f41a6032000 r--p 00043000 08:01 3542949                    /lib/x86_64-linux-gnu/libdbus-1.so.3.7.6
7f41a6032000-7f41a6033000 rw-p 00044000 08:01 3542949                    /lib/x86_64-linux-gnu/libdbus-1.so.3.7.6
7f41a6033000-7f41a603b000 r-xp 00000000 08:01 3542997                    /lib/x86_64-linux-gnu/libnih-dbus.so.1.0.0
7f41a603b000-7f41a623b000 ---p 00008000 08:01 3542997                    /lib/x86_64-linux-gnu/libnih-dbus.so.1.0.0
7f41a623b000-7f41a623c000 r--p 00008000 08:01 3542997                    /lib/x86_64-linux-gnu/libnih-dbus.so.1.0.0
7f41a623c000-7f41a623d000 rw-p 00009000 08:01 3542997                    /lib/x86_64-linux-gnu/libnih-dbus.so.1.0.0
7f41a623d000-7f41a6254000 r-xp 00000000 08:01 3542999                    /lib/x86_64-linux-gnu/libnih.so.1.0.0
7f41a6254000-7f41a6453000 ---p 00017000 08:01 3542999                    /lib/x86_64-linux-gnu/libnih.so.1.0.0
7f41a6453000-7f41a6454000 r--p 00016000 08:01 3542999                    /lib/x86_64-linux-gnu/libnih.so.1.0.0
7f41a6454000-7f41a6455000 rw-p 00017000 08:01 3542999                    /lib/x86_64-linux-gnu/libnih.so.1.0.0
7f41a6455000-7f41a646d000 r-xp 00000000 08:01 3542940                    /lib/x86_64-linux-gnu/libcgmanager.so.0.0.0
7f41a646d000-7f41a666c000 ---p 00018000 08:01 3542940                    /lib/x86_64-linux-gnu/libcgmanager.so.0.0.0
7f41a666c000-7f41a666e000 r--p 00017000 08:01 3542940                    /lib/x86_64-linux-gnu/libcgmanager.so.0.0.0
7f41a666e000-7f41a666f000 rw-p 00019000 08:01 3542940                    /lib/x86_64-linux-gnu/libcgmanager.so.0.0.0
7f41a666f000-7f41a667f000 r-xp 00000000 08:01 3543083                    /lib/x86_64-linux-gnu/libudev.so.1.3.5
7f41a667f000-7f41a687e000 ---p 00010000 08:01 3543083                    /lib/x86_64-linux-gnu/libudev.so.1.3.5
7f41a687e000-7f41a687f000 r--p 0000f000 08:01 3543083                    /lib/x86_64-linux-gnu/libudev.so.1.3.5
7f41a687f000-7f41a6880000 rw-p 00010000 08:01 3543083                    /lib/x86_64-linux-gnu/libudev.so.1.3.5
7f41a6880000-7f41a68b4000 r-xp 00000000 08:01 1575737                    /usr/lib/x86_64-linux-gnu/gvfs/libgvfscommon.so
7f41a68b4000-7f41a6ab4000 ---p 00034000 08:01 1575737                    /usr/lib/x86_64-linux-gnu/gvfs/libgvfscommon.so
7f41a6ab4000-7f41a6ab9000 r--p 00034000 08:01 1575737                    /usr/lib/x86_64-linux-gnu/gvfs/libgvfscommon.so
7f41a6ab9000-7f41a6aba000 rw-p 00039000 08:01 1575737                    /usr/lib/x86_64-linux-gnu/gvfs/libgvfscommon.so
7f41a6aba000-7f41a6ae9000 r-xp 00000000 08:01 1704336                    /usr/lib/x86_64-linux-gnu/gio/modules/libgvfsdbus.so
7f41a6ae9000-7f41a6ce9000 ---p 0002f000 08:01 1704336                    /usr/lib/x86_64-linux-gnu/gio/modules/libgvfsdbus.so
7f41a6ce9000-7f41a6cea000 r--p 0002f000 08:01 1704336                    /usr/lib/x86_64-linux-gnu/gio/modules/libgvfsdbus.so
7f41a6cea000-7f41a6ceb000 rw-p 00030000 08:01 1704336                    /usr/lib/x86_64-linux-gnu/gio/modules/libgvfsdbus.so
7f41a6ceb000-7f41a6cec000 rw-p 00000000 00:00 0 
7f41a6cec000-7f41a6cf3000 r-xp 00000000 08:01 1319656                    /usr/lib/x86_64-linux-gnu/libogg.so.0.8.1
7f41a6cf3000-7f41a6ef3000 ---p 00007000 08:01 1319656                    /usr/lib/x86_64-linux-gnu/libogg.so.0.8.1
7f41a6ef3000-7f41a6ef4000 r--p 00007000 08:01 1319656                    /usr/lib/x86_64-linux-gnu/libogg.so.0.8.1
7f41a6ef4000-7f41a6ef5000 rw-p 00008000 08:01 1319656                    /usr/lib/x86_64-linux-gnu/libogg.so.0.8.1
7f41a6ef5000-7f41a6f21000 r-xp 00000000 08:01 1319934                    /usr/lib/x86_64-linux-gnu/libvorbis.so.0.4.5
7f41a6f21000-7f41a7120000 ---p 0002c000 08:01 1319934                    /usr/lib/x86_64-linux-gnu/libvorbis.so.0.4.5
7f41a7120000-7f41a7121000 r--p 0002b000 08:01 1319934                    /usr/lib/x86_64-linux-gnu/libvorbis.so.0.4.5
7f41a7121000-7f41a7122000 rw-p 0002c000 08:01 1319934                    /usr/lib/x86_64-linux-gnu/libvorbis.so.0.4.5
7f41a7122000-7f41a712b000 r-xp 00000000 08:01 1319562                    /usr/lib/x86_64-linux-gnu/libltdl.so.7.3.0
7f41a712b000-7f41a732a000 ---p 00009000 08:01 1319562                    /usr/lib/x86_64-linux-gnu/libltdl.so.7.3.0
7f41a732a000-7f41a732b000 r--p 00008000 08:01 1319562                    /usr/lib/x86_64-linux-gnu/libltdl.so.7.3.0
7f41a732b000-7f41a732c000 rw-p 00009000 08:01 1319562                    /usr/lib/x86_64-linux-gnu/libltdl.so.7.3.0
7f41a732c000-7f41a733d000 r-xp 00000000 08:01 1319853                    /usr/lib/x86_64-linux-gnu/libtdb.so.1.2.12
7f41a733d000-7f41a753c000 ---p 00011000 08:01 1319853                    /usr/lib/x86_64-linux-gnu/libtdb.so.1.2.12
7f41a753c000-7f41a753d000 r--p 00010000 08:01 1319853                    /usr/lib/x86_64-linux-gnu/libtdb.so.1.2.12
7f41a753d000-7f41a753e000 rw-p 00011000 08:01 1319853                    /usr/lib/x86_64-linux-gnu/libtdb.so.1.2.12
7f41a753e000-7f41a7545000 r-xp 00000000 08:01 1319938                    /usr/lib/x86_64-linux-gnu/libvorbisfile.so.3.3.4
7f41a7545000-7f41a7744000 ---p 00007000 08:01 1319938                    /usr/lib/x86_64-linux-gnu/libvorbisfile.so.3.3.4
7f41a7744000-7f41a7745000 r--p 00006000 08:01 1319938                    /usr/lib/x86_64-linux-gnu/libvorbisfile.so.3.3.4
7f41a7745000-7f41a7746000 rw-p 00007000 08:01 1319938                    /usr/lib/x86_64-linux-gnu/libvorbisfile.so.3.3.4
7f41a7746000-7f41a7755000 r-xp 00000000 08:01 1319076                    /usr/lib/x86_64-linux-gnu/libcanberra.so.0.2.5
7f41a7755000-7f41a7954000 ---p 0000f000 08:01 1319076                    /usr/lib/x86_64-linux-gnu/libcanberra.so.0.2.5
7f41a7954000-7f41a7955000 r--p 0000e000 08:01 1319076                    /usr/lib/x86_64-linux-gnu/libcanberra.so.0.2.5
7f41a7955000-7f41a7956000 rw-p 0000f000 08:01 1319076                    /usr/lib/x86_64-linux-gnu/libcanberra.so.0.2.5
7f41a7956000-7f41a795a000 r-xp 00000000 08:01 1319072                    /usr/lib/x86_64-linux-gnu/libcanberra-gtk.so.0.1.9
7f41a795a000-7f41a7b59000 ---p 00004000 08:01 1319072                    /usr/lib/x86_64-linux-gnu/libcanberra-gtk.so.0.1.9
7f41a7b59000-7f41a7b5a000 r--p 00003000 08:01 1319072                    /usr/lib/x86_64-linux-gnu/libcanberra-gtk.so.0.1.9
7f41a7b5a000-7f41a7b5b000 rw-p 00004000 08:01 1319072                    /usr/lib/x86_64-linux-gnu/libcanberra-gtk.so.0.1.9
7f41a7b5b000-7f41a7b60000 r-xp 00000000 08:01 1704365                    /usr/lib/x86_64-linux-gnu/gtk-2.0/modules/libcanberra-gtk-module.so
7f41a7b60000-7f41a7d5f000 ---p 00005000 08:01 1704365                    /usr/lib/x86_64-linux-gnu/gtk-2.0/modules/libcanberra-gtk-module.so
7f41a7d5f000-7f41a7d60000 r--p 00004000 08:01 1704365                    /usr/lib/x86_64-linux-gnu/gtk-2.0/modules/libcanberra-gtk-module.so
7f41a7d60000-7f41a7d61000 rw-p 00005000 08:01 1704365                    /usr/lib/x86_64-linux-gnu/gtk-2.0/modules/libcanberra-gtk-module.so
7f41a7d61000-7f41a7d90000 r-xp 00000000 08:01 1704347                    /usr/lib/x86_64-linux-gnu/gtk-2.0/2.10.0/engines/libmurrine.so
7f41a7d90000-7f41a7f90000 ---p 0002f000 08:01 1704347                    /usr/lib/x86_64-linux-gnu/gtk-2.0/2.10.0/engines/libmurrine.so
7f41a7f90000-7f41a7f91000 r--p 0002f000 08:01 1704347                    /usr/lib/x86_64-linux-gnu/gtk-2.0/2.10.0/engines/libmurrine.so
7f41a7f91000-7f41a7f92000 rw-p 00030000 08:01 1704347                    /usr/lib/x86_64-linux-gnu/gtk-2.0/2.10.0/engines/libmurrine.so
7f41a7f92000-7f41a7fa2000 r-xp 00000000 08:01 1319902                    /usr/lib/x86_64-linux-gnu/libunity-gtk2-parser.so.0.0.0
7f41a7fa2000-7f41a81a1000 ---p 00010000 08:01 1319902                    /usr/lib/x86_64-linux-gnu/libunity-gtk2-parser.so.0.0.0
7f41a81a1000-7f41a81a2000 r--p 0000f000 08:01 1319902                    /usr/lib/x86_64-linux-gnu/libunity-gtk2-parser.so.0.0.0
7f41a81a2000-7f41a81a3000 rw-p 00010000 08:01 1319902                    /usr/lib/x86_64-linux-gnu/libunity-gtk2-parser.so.0.0.0
7f41a81a3000-7f41a81a8000 r-xp 00000000 08:01 1704369                    /usr/lib/x86_64-linux-gnu/gtk-2.0/modules/libunity-gtk-module.so
7f41a81a8000-7f41a83a7000 ---p 00005000 08:01 1704369                    /usr/lib/x86_64-linux-gnu/gtk-2.0/modules/libunity-gtk-module.so
7f41a83a7000-7f41a83a8000 r--p 00004000 08:01 1704369                    /usr/lib/x86_64-linux-gnu/gtk-2.0/modules/libunity-gtk-module.so
7f41a83a8000-7f41a83a9000 rw-p 00005000 08:01 1704369                    /usr/lib/x86_64-linux-gnu/gtk-2.0/modules/libunity-gtk-module.so
7f41a83a9000-7f41a83ba000 r-xp 00000000 08:01 1704368                    /usr/lib/x86_64-linux-gnu/gtk-2.0/modules/liboverlay-scrollbar.so
7f41a83ba000-7f41a85b9000 ---p 00011000 08:01 1704368                    /usr/lib/x86_64-linux-gnu/gtk-2.0/modules/liboverlay-scrollbar.so
7f41a85b9000-7f41a85ba000 r--p 00010000 08:01 1704368                    /usr/lib/x86_64-linux-gnu/gtk-2.0/modules/liboverlay-scrollbar.so
7f41a85ba000-7f41a85bb000 rw-p 00011000 08:01 1704368                    /usr/lib/x86_64-linux-gnu/gtk-2.0/modules/liboverlay-scrollbar.so
7f41a85bb000-7f41a85bc000 r-xp 00000000 08:01 1319455                    /usr/lib/x86_64-linux-gnu/libgthread-2.0.so.0.4000.0
7f41a85bc000-7f41a87bb000 ---p 00001000 08:01 1319455                    /usr/lib/x86_64-linux-gnu/libgthread-2.0.so.0.4000.0
7f41a87bb000-7f41a87bc000 r--p 00000000 08:01 1319455                    /usr/lib/x86_64-linux-gnu/libgthread-2.0.so.0.4000.0
7f41a87bc000-7f41a87bd000 rw-p 00001000 08:01 1319455                    /usr/lib/x86_64-linux-gnu/libgthread-2.0.so.0.4000.0
7f41a87bd000-7f41a87c3000 r-xp 00000000 08:01 1319140                    /usr/lib/x86_64-linux-gnu/libdatrie.so.1.3.1
7f41a87c3000-7f41a89c2000 ---p 00006000 08:01 1319140                    /usr/lib/x86_64-linux-gnu/libdatrie.so.1.3.1
7f41a89c2000-7f41a89c3000 r--p 00005000 08:01 1319140                    /usr/lib/x86_64-linux-gnu/libdatrie.so.1.3.1
7f41a89c3000-7f41a89c4000 rw-p 00006000 08:01 1319140                    /usr/lib/x86_64-linux-gnu/libdatrie.so.1.3.1
7f41a89c4000-7f41a89de000 r-xp 00000000 08:01 1319366                    /usr/lib/x86_64-linux-gnu/libgraphite2.so.3.0.1
7f41a89de000-7f41a8bdd000 ---p 0001a000 08:01 1319366                    /usr/lib/x86_64-linux-gnu/libgraphite2.so.3.0.1
7f41a8bdd000-7f41a8bdf000 r--p 00019000 08:01 1319366                    /usr/lib/x86_64-linux-gnu/libgraphite2.so.3.0.1
7f41a8bdf000-7f41a8be0000 rw-p 0001b000 08:01 1319366                    /usr/lib/x86_64-linux-gnu/libgraphite2.so.3.0.1
7f41a8be0000-7f41a8c1d000 r-xp 00000000 08:01 3543038                    /lib/x86_64-linux-gnu/libpcre.so.3.13.1
7f41a8c1d000-7f41a8e1c000 ---p 0003d000 08:01 3543038                    /lib/x86_64-linux-gnu/libpcre.so.3.13.1
7f41a8e1c000-7f41a8e1d000 r--p 0003c000 08:01 3543038                    /lib/x86_64-linux-gnu/libpcre.so.3.13.1
7f41a8e1d000-7f41a8e1e000 rw-p 0003d000 08:01 3543038                    /lib/x86_64-linux-gnu/libpcre.so.3.13.1
7f41a8e1e000-7f41a8e25000 r-xp 00000000 08:01 1319215                    /usr/lib/x86_64-linux-gnu/libffi.so.6.0.1
7f41a8e25000-7f41a9024000 ---p 00007000 08:01 1319215                    /usr/lib/x86_64-linux-gnu/libffi.so.6.0.1
7f41a9024000-7f41a9025000 r--p 00006000 08:01 1319215                    /usr/lib/x86_64-linux-gnu/libffi.so.6.0.1
7f41a9025000-7f41a9026000 rw-p 00007000 08:01 1319215                    /usr/lib/x86_64-linux-gnu/libffi.so.6.0.1
7f41a9026000-7f41a904d000 r-xp 00000000 08:01 3542957                    /lib/x86_64-linux-gnu/libexpat.so.1.6.0
7f41a904d000-7f41a924d000 ---p 00027000 08:01 3542957                    /lib/x86_64-linux-gnu/libexpat.so.1.6.0
7f41a924d000-7f41a924f000 r--p 00027000 08:01 3542957                    /lib/x86_64-linux-gnu/libexpat.so.1.6.0
7f41a924f000-7f41a9250000 rw-p 00029000 08:01 3542957                    /lib/x86_64-linux-gnu/libexpat.so.1.6.0
7f41a9250000-7f41a9258000 r-xp 00000000 08:01 1319865                    /usr/lib/x86_64-linux-gnu/libthai.so.0.2.0
7f41a9258000-7f41a9457000 ---p 00008000 08:01 1319865                    /usr/lib/x86_64-linux-gnu/libthai.so.0.2.0
7f41a9457000-7f41a9458000 r--p 00007000 08:01 1319865                    /usr/lib/x86_64-linux-gnu/libthai.so.0.2.0
7f41a9458000-7f41a9459000 rw-p 00008000 08:01 1319865                    /usr/lib/x86_64-linux-gnu/libthai.so.0.2.0
7f41a9459000-7f41a94ac000 r-xp 00000000 08:01 1319479                    /usr/lib/x86_64-linux-gnu/libharfbuzz.so.0.927.0
7f41a94ac000-7f41a96ac000 ---p 00053000 08:01 1319479                    /usr/lib/x86_64-linux-gnu/libharfbuzz.so.0.927.0
7f41a96ac000-7f41a96ad000 r--p 00053000 08:01 1319479                    /usr/lib/x86_64-linux-gnu/libharfbuzz.so.0.927.0
7f41a96ad000-7f41a96ae000 rw-p 00054000 08:01 1319479                    /usr/lib/x86_64-linux-gnu/libharfbuzz.so.0.927.0
7f41a96ae000-7f41a96c5000 r-xp 00000000 08:01 3543061                    /lib/x86_64-linux-gnu/libresolv-2.19.so
7f41a96c5000-7f41a98c5000 ---p 00017000 08:01 3543061                    /lib/x86_64-linux-gnu/libresolv-2.19.so
7f41a98c5000-7f41a98c6000 r--p 00017000 08:01 3543061                    /lib/x86_64-linux-gnu/libresolv-2.19.so
7f41a98c6000-7f41a98c7000 rw-p 00018000 08:01 3543061                    /lib/x86_64-linux-gnu/libresolv-2.19.so
7f41a98c7000-7f41a98c9000 rw-p 00000000 00:00 0 
7f41a98c9000-7f41a98e9000 r-xp 00000000 08:01 3543065                    /lib/x86_64-linux-gnu/libselinux.so.1
7f41a98e9000-7f41a9ae8000 ---p 00020000 08:01 3543065                    /lib/x86_64-linux-gnu/libselinux.so.1
7f41a9ae8000-7f41a9ae9000 r--p 0001f000 08:01 3543065                    /lib/x86_64-linux-gnu/libselinux.so.1
7f41a9ae9000-7f41a9aea000 rw-p 00020000 08:01 3543065                    /lib/x86_64-linux-gnu/libselinux.so.1
7f41a9aea000-7f41a9aec000 rw-p 00000000 00:00 0 
7f41a9aec000-7f41a9b04000 r-xp 00000000 08:01 3543098                    /lib/x86_64-linux-gnu/libz.so.1.2.8
7f41a9b04000-7f41a9d03000 ---p 00018000 08:01 3543098                    /lib/x86_64-linux-gnu/libz.so.1.2.8
7f41a9d03000-7f41a9d04000 r--p 00017000 08:01 3543098                    /lib/x86_64-linux-gnu/libz.so.1.2.8
7f41a9d04000-7f41a9d05000 rw-p 00018000 08:01 3543098                    /lib/x86_64-linux-gnu/libz.so.1.2.8
7f41a9d05000-7f41a9d0d000 r-xp 00000000 08:01 1319991                    /usr/lib/x86_64-linux-gnu/libxcb-render.so.0.0.0
7f41a9d0d000-7f41a9f0c000 ---p 00008000 08:01 1319991                    /usr/lib/x86_64-linux-gnu/libxcb-render.so.0.0.0
7f41a9f0c000-7f41a9f0d000 r--p 00007000 08:01 1319991                    /usr/lib/x86_64-linux-gnu/libxcb-render.so.0.0.0
7f41a9f0d000-7f41a9f0e000 rw-p 00008000 08:01 1319991                    /usr/lib/x86_64-linux-gnu/libxcb-render.so.0.0.0
7f41a9f0e000-7f41a9f10000 r-xp 00000000 08:01 1319995                    /usr/lib/x86_64-linux-gnu/libxcb-shm.so.0.0.0
7f41a9f10000-7f41aa10f000 ---p 00002000 08:01 1319995                    /usr/lib/x86_64-linux-gnu/libxcb-shm.so.0.0.0
7f41aa10f000-7f41aa110000 r--p 00001000 08:01 1319995                    /usr/lib/x86_64-linux-gnu/libxcb-shm.so.0.0.0
7f41aa110000-7f41aa111000 rw-p 00002000 08:01 1319995                    /usr/lib/x86_64-linux-gnu/libxcb-shm.so.0.0.0
7f41aa111000-7f41aa136000 r-xp 00000000 08:01 3543050                    /lib/x86_64-linux-gnu/libpng12.so.0.50.0
7f41aa136000-7f41aa335000 ---p 00025000 08:01 3543050                    /lib/x86_64-linux-gnu/libpng12.so.0.50.0
7f41aa335000-7f41aa336000 r--p 00024000 08:01 3543050                    /lib/x86_64-linux-gnu/libpng12.so.0.50.0
7f41aa336000-7f41aa337000 rw-p 00025000 08:01 3543050                    /lib/x86_64-linux-gnu/libpng12.so.0.50.0
7f41aa337000-7f41aa3d8000 r-xp 00000000 08:01 1319695                    /usr/lib/x86_64-linux-gnu/libpixman-1.so.0.30.2
7f41aa3d8000-7f41aa5d8000 ---p 000a1000 08:01 1319695                    /usr/lib/x86_64-linux-gnu/libpixman-1.so.0.30.2
7f41aa5d8000-7f41aa5df000 r--p 000a1000 08:01 1319695                    /usr/lib/x86_64-linux-gnu/libpixman-1.so.0.30.2
7f41aa5df000-7f41aa5e0000 rw-p 000a8000 08:01 1319695                    /usr/lib/x86_64-linux-gnu/libpixman-1.so.0.30.2
7f41aa5e0000-7f41aa67d000 r-xp 00000000 08:01 1319257                    /usr/lib/x86_64-linux-gnu/libfreetype.so.6.11.1
7f41aa67d000-7f41aa87c000 ---p 0009d000 08:01 1319257                    /usr/lib/x86_64-linux-gnu/libfreetype.so.6.11.1
7f41aa87c000-7f41aa882000 r--p 0009c000 08:01 1319257                    /usr/lib/x86_64-linux-gnu/libfreetype.so.6.11.1
7f41aa882000-7f41aa883000 rw-p 000a2000 08:01 1319257                    /usr/lib/x86_64-linux-gnu/libfreetype.so.6.11.1
7f41aa883000-7f41aa885000 r-xp 00000000 08:01 1318946                    /usr/lib/x86_64-linux-gnu/libXdamage.so.1.1.0
7f41aa885000-7f41aaa84000 ---p 00002000 08:01 1318946                    /usr/lib/x86_64-linux-gnu/libXdamage.so.1.1.0
7f41aaa84000-7f41aaa85000 r--p 00001000 08:01 1318946                    /usr/lib/x86_64-linux-gnu/libXdamage.so.1.1.0
7f41aaa85000-7f41aaa86000 rw-p 00002000 08:01 1318946                    /usr/lib/x86_64-linux-gnu/libXdamage.so.1.1.0
7f41aaa86000-7f41aaa88000 r-xp 00000000 08:01 1318942                    /usr/lib/x86_64-linux-gnu/libXcomposite.so.1.0.0
7f41aaa88000-7f41aac87000 ---p 00002000 08:01 1318942                    /usr/lib/x86_64-linux-gnu/libXcomposite.so.1.0.0
7f41aac87000-7f41aac88000 r--p 00001000 08:01 1318942                    /usr/lib/x86_64-linux-gnu/libXcomposite.so.1.0.0
7f41aac88000-7f41aac89000 rw-p 00002000 08:01 1318942                    /usr/lib/x86_64-linux-gnu/libXcomposite.so.1.0.0
7f41aac89000-7f41aac92000 r-xp 00000000 08:01 1318970                    /usr/lib/x86_64-linux-gnu/libXrandr.so.2.2.0
7f41aac92000-7f41aae91000 ---p 00009000 08:01 1318970                    /usr/lib/x86_64-linux-gnu/libXrandr.so.2.2.0
7f41aae91000-7f41aae92000 r--p 00008000 08:01 1318970                    /usr/lib/x86_64-linux-gnu/libXrandr.so.2.2.0
7f41aae92000-7f41aae93000 rw-p 00009000 08:01 1318970                    /usr/lib/x86_64-linux-gnu/libXrandr.so.2.2.0
7f41aae93000-7f41aae95000 r-xp 00000000 08:01 1318960                    /usr/lib/x86_64-linux-gnu/libXinerama.so.1.0.0
7f41aae95000-7f41ab094000 ---p 00002000 08:01 1318960                    /usr/lib/x86_64-linux-gnu/libXinerama.so.1.0.0
7f41ab094000-7f41ab095000 r--p 00001000 08:01 1318960                    /usr/lib/x86_64-linux-gnu/libXinerama.so.1.0.0
7f41ab095000-7f41ab096000 rw-p 00002000 08:01 1318960                    /usr/lib/x86_64-linux-gnu/libXinerama.so.1.0.0
7f41ab096000-7f41ab19c000 r-xp 00000000 08:01 3542966                    /lib/x86_64-linux-gnu/libglib-2.0.so.0.4000.0
7f41ab19c000-7f41ab39b000 ---p 00106000 08:01 3542966                    /lib/x86_64-linux-gnu/libglib-2.0.so.0.4000.0
7f41ab39b000-7f41ab39c000 r--p 00105000 08:01 3542966                    /lib/x86_64-linux-gnu/libglib-2.0.so.0.4000.0
7f41ab39c000-7f41ab39d000 rw-p 00106000 08:01 3542966                    /lib/x86_64-linux-gnu/libglib-2.0.so.0.4000.0
7f41ab39d000-7f41ab39e000 rw-p 00000000 00:00 0 
7f41ab39e000-7f41ab3ed000 r-xp 00000000 08:01 1319348                    /usr/lib/x86_64-linux-gnu/libgobject-2.0.so.0.4000.0
7f41ab3ed000-7f41ab5ed000 ---p 0004f000 08:01 1319348                    /usr/lib/x86_64-linux-gnu/libgobject-2.0.so.0.4000.0
7f41ab5ed000-7f41ab5ee000 r--p 0004f000 08:01 1319348                    /usr/lib/x86_64-linux-gnu/libgobject-2.0.so.0.4000.0
7f41ab5ee000-7f41ab5ef000 rw-p 00050000 08:01 1319348                    /usr/lib/x86_64-linux-gnu/libgobject-2.0.so.0.4000.0
7f41ab5ef000-7f41ab629000 r-xp 00000000 08:01 1319229                    /usr/lib/x86_64-linux-gnu/libfontconfig.so.1.8.0
7f41ab629000-7f41ab828000 ---p 0003a000 08:01 1319229                    /usr/lib/x86_64-linux-gnu/libfontconfig.so.1.8.0
7f41ab828000-7f41ab82a000 r--p 00039000 08:01 1319229                    /usr/lib/x86_64-linux-gnu/libfontconfig.so.1.8.0
7f41ab82a000-7f41ab82b000 rw-p 0003b000 08:01 1319229                    /usr/lib/x86_64-linux-gnu/libfontconfig.so.1.8.0
7f41ab82b000-7f41ab875000 r-xp 00000000 08:01 1319672                    /usr/lib/x86_64-linux-gnu/libpango-1.0.so.0.3600.3
7f41ab875000-7f41aba75000 ---p 0004a000 08:01 1319672                    /usr/lib/x86_64-linux-gnu/libpango-1.0.so.0.3600.3
7f41aba75000-7f41aba77000 r--p 0004a000 08:01 1319672                    /usr/lib/x86_64-linux-gnu/libpango-1.0.so.0.3600.3
7f41aba77000-7f41aba78000 rw-p 0004c000 08:01 1319672                    /usr/lib/x86_64-linux-gnu/libpango-1.0.so.0.3600.3
7f41aba78000-7f41aba8c000 r-xp 00000000 08:01 1319676                    /usr/lib/x86_64-linux-gnu/libpangoft2-1.0.so.0.3600.3
7f41aba8c000-7f41abc8b000 ---p 00014000 08:01 1319676                    /usr/lib/x86_64-linux-gnu/libpangoft2-1.0.so.0.3600.3
7f41abc8b000-7f41abc8c000 r--p 00013000 08:01 1319676                    /usr/lib/x86_64-linux-gnu/libpangoft2-1.0.so.0.3600.3
7f41abc8c000-7f41abc8d000 rw-p 00014000 08:01 1319676                    /usr/lib/x86_64-linux-gnu/libpangoft2-1.0.so.0.3600.3
7f41abc8d000-7f41abdf8000 r-xp 00000000 08:01 1319318                    /usr/lib/x86_64-linux-gnu/libgio-2.0.so.0.4000.0
7f41abdf8000-7f41abff8000 ---p 0016b000 08:01 1319318                    /usr/lib/x86_64-linux-gnu/libgio-2.0.so.0.4000.0
7f41abff8000-7f41abffc000 r--p 0016b000 08:01 1319318                    /usr/lib/x86_64-linux-gnu/libgio-2.0.so.0.4000.0
7f41abffc000-7f41abffe000 rw-p 0016f000 08:01 1319318                    /usr/lib/x86_64-linux-gnu/libgio-2.0.so.0.4000.0
7f41abffe000-7f41ac000000 rw-p 00000000 00:00 0 
7f41ac000000-7f41ac021000 rw-p 00000000 00:00 0 
7f41ac021000-7f41b0000000 ---p 00000000 00:00 0 
7f41b0000000-7f41b0032000 rw-p 00000000 00:00 0 
7f41b0032000-7f41b4000000 ---p 00000000 00:00 0 
7f41b4000000-7f41b4021000 rw-p 00000000 00:00 0 
7f41b4021000-7f41b8000000 ---p 00000000 00:00 0 
7f41b8000000-7f41b8021000 rw-p 00000000 00:00 0 
7f41b8021000-7f41bc000000 ---p 00000000 00:00 0 
7f41bc000000-7f41bce57000 rw-p 00000000 00:00 0 
7f41bce57000-7f41c0000000 ---p 00000000 00:00 0 
7f41c0000000-7f41c0da6000 rw-p 00000000 00:00 0 
7f41c0da6000-7f41c4000000 ---p 00000000 00:00 0 
7f41c4000000-7f41c4021000 rw-p 00000000 00:00 0 
7f41c4021000-7f41c8000000 ---p 00000000 00:00 0 
7f41c8000000-7f41c8021000 rw-p 00000000 00:00 0 
7f41c8021000-7f41cc000000 ---p 00000000 00:00 0 
7f41cc00a000-7f41cc00d000 ---p 00000000 00:00 0 
7f41cc00d000-7f41cc10b000 rw-p 00000000 00:00 0                          [stack:2798]
7f41cc10b000-7f41cc12a000 r-xp 00000000 08:01 1319294                    /usr/lib/x86_64-linux-gnu/libgdk_pixbuf-2.0.so.0.3000.7
7f41cc12a000-7f41cc32a000 ---p 0001f000 08:01 1319294                    /usr/lib/x86_64-linux-gnu/libgdk_pixbuf-2.0.so.0.3000.7
7f41cc32a000-7f41cc32b000 r--p 0001f000 08:01 1319294                    /usr/lib/x86_64-linux-gnu/libgdk_pixbuf-2.0.so.0.3000.7
7f41cc32b000-7f41cc32c000 rw-p 00020000 08:01 1319294                    /usr/lib/x86_64-linux-gnu/libgdk_pixbuf-2.0.so.0.3000.7
7f41cc32c000-7f41cc432000 r-xp 00000000 08:01 1319068                    /usr/lib/x86_64-linux-gnu/libcairo.so.2.11301.0
7f41cc432000-7f41cc631000 ---p 00106000 08:01 1319068                    /usr/lib/x86_64-linux-gnu/libcairo.so.2.11301.0
7f41cc631000-7f41cc634000 r--p 00105000 08:01 1319068                    /usr/lib/x86_64-linux-gnu/libcairo.so.2.11301.0
7f41cc634000-7f41cc635000 rw-p 00108000 08:01 1319068                    /usr/lib/x86_64-linux-gnu/libcairo.so.2.11301.0
7f41cc635000-7f41cc637000 rw-p 00000000 00:00 0 
7f41cc637000-7f41cc656000 r-xp 00000000 08:01 1319029                    /usr/lib/x86_64-linux-gnu/libatk-1.0.so.0.21009.1
7f41cc656000-7f41cc856000 ---p 0001f000 08:01 1319029                    /usr/lib/x86_64-linux-gnu/libatk-1.0.so.0.21009.1
7f41cc856000-7f41cc858000 r--p 0001f000 08:01 1319029                    /usr/lib/x86_64-linux-gnu/libatk-1.0.so.0.21009.1
7f41cc858000-7f41cc859000 rw-p 00021000 08:01 1319029                    /usr/lib/x86_64-linux-gnu/libatk-1.0.so.0.21009.1
7f41cc859000-7f41cc864000 r-xp 00000000 08:01 1319674                    /usr/lib/x86_64-linux-gnu/libpangocairo-1.0.so.0.3600.3
7f41cc864000-7f41cca64000 ---p 0000b000 08:01 1319674                    /usr/lib/x86_64-linux-gnu/libpangocairo-1.0.so.0.3600.3
7f41cca64000-7f41cca65000 r--p 0000b000 08:01 1319674                    /usr/lib/x86_64-linux-gnu/libpangocairo-1.0.so.0.3600.3
7f41cca65000-7f41cca66000 rw-p 0000c000 08:01 1319674                    /usr/lib/x86_64-linux-gnu/libpangocairo-1.0.so.0.3600.3
7f41cca66000-7f41cca69000 r-xp 00000000 08:01 1319332                    /usr/lib/x86_64-linux-gnu/libgmodule-2.0.so.0.4000.0
7f41cca69000-7f41ccc68000 ---p 00003000 08:01 1319332                    /usr/lib/x86_64-linux-gnu/libgmodule-2.0.so.0.4000.0
7f41ccc68000-7f41ccc69000 r--p 00002000 08:01 1319332                    /usr/lib/x86_64-linux-gnu/libgmodule-2.0.so.0.4000.0
7f41ccc69000-7f41ccc6a000 rw-p 00003000 08:01 1319332                    /usr/lib/x86_64-linux-gnu/libgmodule-2.0.so.0.4000.0
7f41ccc6a000-7f41ccd17000 r-xp 00000000 08:01 1319292                    /usr/lib/x86_64-linux-gnu/libgdk-x11-2.0.so.0.2400.23
7f41ccd17000-7f41ccf16000 ---p 000ad000 08:01 1319292                    /usr/lib/x86_64-linux-gnu/libgdk-x11-2.0.so.0.2400.23
7f41ccf16000-7f41ccf1a000 r--p 000ac000 08:01 1319292                    /usr/lib/x86_64-linux-gnu/libgdk-x11-2.0.so.0.2400.23
7f41ccf1a000-7f41ccf1c000 rw-p 000b0000 08:01 1319292                    /usr/lib/x86_64-linux-gnu/libgdk-x11-2.0.so.0.2400.23
7f41ccf1c000-7f41cd34b000 r-xp 00000000 08:01 1319459                    /usr/lib/x86_64-linux-gnu/libgtk-x11-2.0.so.0.2400.23
7f41cd34b000-7f41cd54a000 ---p 0042f000 08:01 1319459                    /usr/lib/x86_64-linux-gnu/libgtk-x11-2.0.so.0.2400.23
7f41cd54a000-7f41cd551000 r--p 0042e000 08:01 1319459                    /usr/lib/x86_64-linux-gnu/libgtk-x11-2.0.so.0.2400.23
7f41cd551000-7f41cd555000 rw-p 00435000 08:01 1319459                    /usr/lib/x86_64-linux-gnu/libgtk-x11-2.0.so.0.2400.23
7f41cd555000-7f41cd558000 rw-p 00000000 00:00 0 
7f41cd558000-7f41cd55b000 ---p 00000000 00:00 0 
7f41cd55b000-7f41cd659000 rw-p 00000000 00:00 0                          [stack:2791]
7f41cd659000-7f41cd65e000 r-xp 00000000 08:01 1318952                    /usr/lib/x86_64-linux-gnu/libXfixes.so.3.1.0
7f41cd65e000-7f41cd85d000 ---p 00005000 08:01 1318952                    /usr/lib/x86_64-linux-gnu/libXfixes.so.3.1.0
7f41cd85d000-7f41cd85e000 r--p 00004000 08:01 1318952                    /usr/lib/x86_64-linux-gnu/libXfixes.so.3.1.0
7f41cd85e000-7f41cd85f000 rw-p 00005000 08:01 1318952                    /usr/lib/x86_64-linux-gnu/libXfixes.so.3.1.0
7f41cd85f000-7f41cd868000 r-xp 00000000 08:01 1318944                    /usr/lib/x86_64-linux-gnu/libXcursor.so.1.0.2
7f41cd868000-7f41cda67000 ---p 00009000 08:01 1318944                    /usr/lib/x86_64-linux-gnu/libXcursor.so.1.0.2
7f41cda67000-7f41cda68000 r--p 00008000 08:01 1318944                    /usr/lib/x86_64-linux-gnu/libXcursor.so.1.0.2
7f41cda68000-7f41cda69000 rw-p 00009000 08:01 1318944                    /usr/lib/x86_64-linux-gnu/libXcursor.so.1.0.2
7f41cda69000-7f41cda6c000 ---p 00000000 00:00 0 
7f41cda6c000-7f41cdb6a000 rw-p 00000000 00:00 0                          [stack:2790]
7f41cdb6a000-7f41cdb6f000 r-xp 00000000 08:01 1318948                    /usr/lib/x86_64-linux-gnu/libXdmcp.so.6.0.0
7f41cdb6f000-7f41cdd6e000 ---p 00005000 08:01 1318948                    /usr/lib/x86_64-linux-gnu/libXdmcp.so.6.0.0
7f41cdd6e000-7f41cdd6f000 r--p 00004000 08:01 1318948                    /usr/lib/x86_64-linux-gnu/libXdmcp.so.6.0.0
7f41cdd6f000-7f41cdd70000 rw-p 00005000 08:01 1318948                    /usr/lib/x86_64-linux-gnu/libXdmcp.so.6.0.0
7f41cdd70000-7f41cdd72000 r-xp 00000000 08:01 1318937                    /usr/lib/x86_64-linux-gnu/libXau.so.6.0.0
7f41cdd72000-7f41cdf72000 ---p 00002000 08:01 1318937                    /usr/lib/x86_64-linux-gnu/libXau.so.6.0.0
7f41cdf72000-7f41cdf73000 r--p 00002000 08:01 1318937                    /usr/lib/x86_64-linux-gnu/libXau.so.6.0.0
7f41cdf73000-7f41cdf74000 rw-p 00003000 08:01 1318937                    /usr/lib/x86_64-linux-gnu/libXau.so.6.0.0
7f41cdf74000-7f41cdf91000 r-xp 00000000 08:01 1320005                    /usr/lib/x86_64-linux-gnu/libxcb.so.1.1.0
7f41cdf91000-7f41ce191000 ---p 0001d000 08:01 1320005                    /usr/lib/x86_64-linux-gnu/libxcb.so.1.1.0
7f41ce191000-7f41ce192000 r--p 0001d000 08:01 1320005                    /usr/lib/x86_64-linux-gnu/libxcb.so.1.1.0
7f41ce192000-7f41ce193000 rw-p 0001e000 08:01 1320005                    /usr/lib/x86_64-linux-gnu/libxcb.so.1.1.0
7f41ce193000-7f41ce1a2000 r-xp 00000000 08:01 1318958                    /usr/lib/x86_64-linux-gnu/libXi.so.6.1.0
7f41ce1a2000-7f41ce3a1000 ---p 0000f000 08:01 1318958                    /usr/lib/x86_64-linux-gnu/libXi.so.6.1.0
7f41ce3a1000-7f41ce3a2000 r--p 0000e000 08:01 1318958                    /usr/lib/x86_64-linux-gnu/libXi.so.6.1.0
7f41ce3a2000-7f41ce3a3000 rw-p 0000f000 08:01 1318958                    /usr/lib/x86_64-linux-gnu/libXi.so.6.1.0
7f41ce3a3000-7f41ce3a8000 r-xp 00000000 08:01 1318978                    /usr/lib/x86_64-linux-gnu/libXtst.so.6.1.0
7f41ce3a8000-7f41ce5a7000 ---p 00005000 08:01 1318978                    /usr/lib/x86_64-linux-gnu/libXtst.so.6.1.0
7f41ce5a7000-7f41ce5a8000 r--p 00004000 08:01 1318978                    /usr/lib/x86_64-linux-gnu/libXtst.so.6.1.0
7f41ce5a8000-7f41ce5a9000 rw-p 00005000 08:01 1318978                    /usr/lib/x86_64-linux-gnu/libXtst.so.6.1.0
7f41ce5a9000-7f41ce5b2000 r-xp 00000000 08:01 1318972                    /usr/lib/x86_64-linux-gnu/libXrender.so.1.3.0
7f41ce5b2000-7f41ce7b1000 ---p 00009000 08:01 1318972                    /usr/lib/x86_64-linux-gnu/libXrender.so.1.3.0
7f41ce7b1000-7f41ce7b2000 r--p 00008000 08:01 1318972                    /usr/lib/x86_64-linux-gnu/libXrender.so.1.3.0
7f41ce7b2000-7f41ce7b3000 rw-p 00009000 08:01 1318972                    /usr/lib/x86_64-linux-gnu/libXrender.so.1.3.0
7f41ce7b3000-7f41ce8e3000 r-xp 00000000 08:01 1318933                    /usr/lib/x86_64-linux-gnu/libX11.so.6.3.0
7f41ce8e3000-7f41ceae3000 ---p 00130000 08:01 1318933                    /usr/lib/x86_64-linux-gnu/libX11.so.6.3.0
7f41ceae3000-7f41ceae4000 r--p 00130000 08:01 1318933                    /usr/lib/x86_64-linux-gnu/libX11.so.6.3.0
7f41ceae4000-7f41ceae8000 rw-p 00131000 08:01 1318933                    /usr/lib/x86_64-linux-gnu/libX11.so.6.3.0
7f41ceae8000-7f41ceaf9000 r-xp 00000000 08:01 1318950                    /usr/lib/x86_64-linux-gnu/libXext.so.6.4.0
7f41ceaf9000-7f41cecf8000 ---p 00011000 08:01 1318950                    /usr/lib/x86_64-linux-gnu/libXext.so.6.4.0
7f41cecf8000-7f41cecf9000 r--p 00010000 08:01 1318950                    /usr/lib/x86_64-linux-gnu/libXext.so.6.4.0
7f41cecf9000-7f41cecfa000 rw-p 00011000 08:01 1318950                    /usr/lib/x86_64-linux-gnu/libXext.so.6.4.0
7f41cecfa000-7f41ced4a000 r-xp 00000000 08:01 5641441                    /home/tony/jdk1.7.0_67/jre/lib/amd64/xawt/libmawt.so
7f41ced4a000-7f41cef4a000 ---p 00050000 08:01 5641441                    /home/tony/jdk1.7.0_67/jre/lib/amd64/xawt/libmawt.so
7f41cef4a000-7f41cef4e000 rw-p 00050000 08:01 5641441                    /home/tony/jdk1.7.0_67/jre/lib/amd64/xawt/libmawt.so
7f41cef4e000-7f41cef4f000 rw-p 00000000 00:00 0 
7f41cef4f000-7f41ceff1000 r-xp 00000000 08:01 5641421                    /home/tony/jdk1.7.0_67/jre/lib/amd64/libawt.so
7f41ceff1000-7f41cf1f1000 ---p 000a2000 08:01 5641421                    /home/tony/jdk1.7.0_67/jre/lib/amd64/libawt.so
7f41cf1f1000-7f41cf1fd000 rw-p 000a2000 08:01 5641421                    /home/tony/jdk1.7.0_67/jre/lib/amd64/libawt.so
7f41cf1fd000-7f41cf221000 rw-p 00000000 00:00 0 
7f41cf221000-7f41cf418000 r--s 01c03000 08:01 5898695                    /home/tony/workspace/TMM/data/snlp/tmt-0.4.0.jar
7f41cf418000-7f41cf419000 ---p 00000000 00:00 0 
7f41cf419000-7f41cf519000 rw-p 00000000 00:00 0                          [stack:2789]
7f41cf519000-7f41cf51c000 ---p 00000000 00:00 0 
7f41cf51c000-7f41cf61a000 rw-p 00000000 00:00 0                          [stack:2788]
7f41cf61a000-7f41cf61d000 ---p 00000000 00:00 0 
7f41cf61d000-7f41cf71b000 rw-p 00000000 00:00 0                          [stack:2787]
7f41cf71b000-7f41cf71e000 ---p 00000000 00:00 0 
7f41cf71e000-7f41cf81c000 rw-p 00000000 00:00 0                          [stack:2786]
7f41cf81c000-7f41cf81f000 ---p 00000000 00:00 0 
7f41cf81f000-7f41cf91d000 rw-p 00000000 00:00 0                          [stack:2785]
7f41cf91d000-7f41d0000000 r--p 00000000 08:01 1317901                    /usr/lib/locale/locale-archive
7f41d0000000-7f41d0049000 rw-p 00000000 00:00 0 
7f41d0049000-7f41d4000000 ---p 00000000 00:00 0 
7f41d4000000-7f41d4021000 rw-p 00000000 00:00 0 
7f41d4021000-7f41d8000000 ---p 00000000 00:00 0 
7f41d8000000-7f41d8021000 rw-p 00000000 00:00 0 
7f41d8021000-7f41dc000000 ---p 00000000 00:00 0 
7f41dc000000-7f41dc021000 rw-p 00000000 00:00 0 
7f41dc021000-7f41e0000000 ---p 00000000 00:00 0 
7f41e0000000-7f41e0021000 rw-p 00000000 00:00 0 
7f41e0021000-7f41e4000000 ---p 00000000 00:00 0 
7f41e400b000-7f41e405d000 r--p 00000000 08:01 2230482                    /usr/share/fonts/truetype/dejavu/DejaVuSansMono.ttf
7f41e405d000-7f41e40b4000 r--p 00000000 08:01 2230645                    /usr/share/fonts/truetype/ubuntu-font-family/Ubuntu-R.ttf
7f41e40b4000-7f41e40b5000 r--s 00000000 08:01 3673180                    /var/cache/fontconfig/c05880de57d1f5e948fdfacc138775d9-le64.cache-4
7f41e40b5000-7f41e40c0000 r--s 00000000 08:01 3673174                    /var/cache/fontconfig/945677eb7aeaf62f1d50efc3fb3ec7d8-le64.cache-4
7f41e40c0000-7f41e40c6000 r--s 00000000 08:01 3673160                    /var/cache/fontconfig/2cd17615ca594fa2959ae173292e504c-le64.cache-4
7f41e40c6000-7f41e40c7000 r--s 00000000 08:01 3673190                    /var/cache/fontconfig/e7071f4a29fa870f4323321c154eba04-le64.cache-4
7f41e40c7000-7f41e40c8000 r--s 00000000 08:01 3673157                    /var/cache/fontconfig/0d8c3b2ac0904cb8a57a757ad11a4a08-le64.cache-4
7f41e40c8000-7f41e40cf000 r--s 00000000 08:01 3673177                    /var/cache/fontconfig/a755afe4a08bf5b97852ceb7400b47bc-le64.cache-4
7f41e40cf000-7f41e40e3000 r--s 00000000 08:01 3673155                    /var/cache/fontconfig/04aabc0a78ac019cf9454389977116d2-le64.cache-4
7f41e40e3000-7f41e40e4000 r--s 00000000 08:01 3673159                    /var/cache/fontconfig/1ac9eb803944fde146138c791f5cc56a-le64.cache-4
7f41e40e4000-7f41e40e8000 r--s 00000000 08:01 3673163                    /var/cache/fontconfig/385c0604a188198f04d133e54aba7fe7-le64.cache-4
7f41e40e8000-7f41e40e9000 r--s 00000000 08:01 3673187                    /var/cache/fontconfig/dc05db6664285cc2f12bf69c139ae4c3-le64.cache-4
7f41e40e9000-7f41e40eb000 r--s 00000000 08:01 3673171                    /var/cache/fontconfig/767a8244fc0220cfb567a839d0392e0b-le64.cache-4
7f41e40eb000-7f41e40ec000 r--s 00000000 08:01 3673165                    /var/cache/fontconfig/4794a0821666d79190d59a36cb4f44b5-le64.cache-4
7f41e40ec000-7f41e40f1000 r--s 00000000 08:01 3673173                    /var/cache/fontconfig/8801497958630a81b71ace7c5f9b32a8-le64.cache-4
7f41e40f1000-7f41e40f4000 ---p 00000000 00:00 0 
7f41e40f4000-7f41e41f2000 rw-p 00000000 00:00 0                          [stack:2784]
7f41e41f2000-7f41e41f5000 ---p 00000000 00:00 0 
7f41e41f5000-7f41e42f3000 rw-p 00000000 00:00 0                          [stack:2783]
7f41e42f3000-7f41e42f4000 ---p 00000000 00:00 0 
7f41e42f4000-7f41e5000000 rw-p 00000000 00:00 0                          [stack:2782]
7f41e5000000-7f41e5270000 rwxp 00000000 00:00 0 
7f41e5270000-7f41e8500000 rw-p 00000000 00:00 0 
7f41e8500000-7f41ec000000 ---p 00000000 00:00 0 
7f41ec000000-7f41ec007000 r--s 00000000 08:01 3673161                    /var/cache/fontconfig/3047814df9a2f067bd2d96a2b9c36e5a-le64.cache-4
7f41ec007000-7f41ec008000 r--s 00000000 08:01 3673167                    /var/cache/fontconfig/56cf4f4769d0f4abc89a4895d7bd3ae1-le64.cache-4
7f41ec008000-7f41ec00e000 r--s 00000000 08:01 3673178                    /var/cache/fontconfig/b47c4e1ecd0709278f4910c18777a504-le64.cache-4
7f41ec00e000-7f41ec021000 r--s 00000000 08:01 3673184                    /var/cache/fontconfig/d52a8644073d54c13679302ca1180695-le64.cache-4
7f41ec021000-7f41ec02a000 r--s 00000000 08:01 3673164                    /var/cache/fontconfig/3f7329c5293ffd510edef78f73874cfd-le64.cache-4
7f41ec02a000-7f41ec02e000 r--s 00000000 08:01 3673185                    /var/cache/fontconfig/d589a48862398ed80a3d6066f4f56f4c-le64.cache-4
7f41ec03c000-7f41ec05a000 r--s 00000000 08:01 1708058                    /usr/share/mime/mime.cache
7f41ec05a000-7f41ec06c000 r--p 00000000 08:01 2518964                    /usr/share/icons/ubuntu-mono-dark/icon-theme.cache
7f41ec06e000-7f41ec075000 r--s 00000000 08:01 1575507                    /usr/lib/x86_64-linux-gnu/gconv/gconv-modules.cache
7f41ec075000-7f41ec079000 r--s 0008a000 08:01 5641600                    /home/tony/jdk1.7.0_67/jre/lib/jsse.jar
7f41ec079000-7f41ec084000 r--p 00000000 08:01 2518808                    /usr/share/icons/Humanity-Dark/icon-theme.cache
7f41ec084000-7f41ec096000 r--s 00000000 08:01 2230696                    /usr/share/fonts/type1/gsfonts/n019004l.pfb
7f41ec096000-7f41ec0af000 r--s 00000000 08:01 2230732                    /usr/share/fonts/type1/gsfonts/n022004l.pfb
7f41ec0af000-7f41ec0ef000 r--p 00000000 08:01 1704552                    /usr/share/glib-2.0/schemas/gschemas.compiled
7f41ec0ef000-7f41ec13a000 rw-p 00000000 00:00 0 
7f41ec13a000-7f41ec2f9000 r--s 039e5000 08:01 5641587                    /home/tony/jdk1.7.0_67/jre/lib/rt.jar
7f41ec2f9000-7f41ee751000 rw-p 00000000 00:00 0 
7f41ee751000-7f41ee752000 ---p 00000000 00:00 0 
7f41ee752000-7f41ee852000 rw-p 00000000 00:00 0                          [stack:2781]
7f41ee852000-7f41ee853000 ---p 00000000 00:00 0 
7f41ee853000-7f41ee953000 rw-p 00000000 00:00 0                          [stack:2780]
7f41ee953000-7f41ee954000 ---p 00000000 00:00 0 
7f41ee954000-7f41eea60000 rw-p 00000000 00:00 0                          [stack:2779]
7f41eea60000-7f41eea7d000 rw-p 00000000 00:00 0 
7f41eea7d000-7f41eea92000 rw-p 00000000 00:00 0 
7f41eea92000-7f41eebc7000 rw-p 00000000 00:00 0 
7f41eebc7000-7f41eebd3000 rw-p 00000000 00:00 0 
7f41eebd3000-7f41eebf0000 rw-p 00000000 00:00 0 
7f41eebf0000-7f41eec05000 rw-p 00000000 00:00 0 
7f41eec05000-7f41eed39000 rw-p 00000000 00:00 0 
7f41eed39000-7f41eed4a000 rw-p 00000000 00:00 0 
7f41eed4a000-7f41eed4b000 ---p 00000000 00:00 0 
7f41eed4b000-7f41eedde000 rw-p 00000000 00:00 0 
7f41eedde000-7f41eeddf000 rw-p 00000000 00:00 0 
7f41eeddf000-7f41eedf9000 r-xp 00000000 08:01 5641471                    /home/tony/jdk1.7.0_67/jre/lib/amd64/libzip.so
7f41eedf9000-7f41eeff9000 ---p 0001a000 08:01 5641471                    /home/tony/jdk1.7.0_67/jre/lib/amd64/libzip.so
7f41eeff9000-7f41eeffa000 rw-p 0001a000 08:01 5641471                    /home/tony/jdk1.7.0_67/jre/lib/amd64/libzip.so
7f41eeffa000-7f41ef005000 r-xp 00000000 08:01 3543010                    /lib/x86_64-linux-gnu/libnss_files-2.19.so
7f41ef005000-7f41ef204000 ---p 0000b000 08:01 3543010                    /lib/x86_64-linux-gnu/libnss_files-2.19.so
7f41ef204000-7f41ef205000 r--p 0000a000 08:01 3543010                    /lib/x86_64-linux-gnu/libnss_files-2.19.so
7f41ef205000-7f41ef206000 rw-p 0000b000 08:01 3543010                    /lib/x86_64-linux-gnu/libnss_files-2.19.so
7f41ef206000-7f41ef211000 r-xp 00000000 08:01 3543020                    /lib/x86_64-linux-gnu/libnss_nis-2.19.so
7f41ef211000-7f41ef410000 ---p 0000b000 08:01 3543020                    /lib/x86_64-linux-gnu/libnss_nis-2.19.so
7f41ef410000-7f41ef411000 r--p 0000a000 08:01 3543020                    /lib/x86_64-linux-gnu/libnss_nis-2.19.so
7f41ef411000-7f41ef412000 rw-p 0000b000 08:01 3543020                    /lib/x86_64-linux-gnu/libnss_nis-2.19.so
7f41ef412000-7f41ef429000 r-xp 00000000 08:01 3543004                    /lib/x86_64-linux-gnu/libnsl-2.19.so
7f41ef429000-7f41ef628000 ---p 00017000 08:01 3543004                    /lib/x86_64-linux-gnu/libnsl-2.19.so
7f41ef628000-7f41ef629000 r--p 00016000 08:01 3543004                    /lib/x86_64-linux-gnu/libnsl-2.19.so
7f41ef629000-7f41ef62a000 rw-p 00017000 08:01 3543004                    /lib/x86_64-linux-gnu/libnsl-2.19.so
7f41ef62a000-7f41ef62c000 rw-p 00000000 00:00 0 
7f41ef62c000-7f41ef635000 r-xp 00000000 08:01 3543006                    /lib/x86_64-linux-gnu/libnss_compat-2.19.so
7f41ef635000-7f41ef834000 ---p 00009000 08:01 3543006                    /lib/x86_64-linux-gnu/libnss_compat-2.19.so
7f41ef834000-7f41ef835000 r--p 00008000 08:01 3543006                    /lib/x86_64-linux-gnu/libnss_compat-2.19.so
7f41ef835000-7f41ef836000 rw-p 00009000 08:01 3543006                    /lib/x86_64-linux-gnu/libnss_compat-2.19.so
7f41ef836000-7f41ef85f000 r-xp 00000000 08:01 5641454                    /home/tony/jdk1.7.0_67/jre/lib/amd64/libjava.so
7f41ef85f000-7f41efa5f000 ---p 00029000 08:01 5641454                    /home/tony/jdk1.7.0_67/jre/lib/amd64/libjava.so
7f41efa5f000-7f41efa61000 rw-p 00029000 08:01 5641454                    /home/tony/jdk1.7.0_67/jre/lib/amd64/libjava.so
7f41efa61000-7f41efa6e000 r-xp 00000000 08:01 5641416                    /home/tony/jdk1.7.0_67/jre/lib/amd64/libverify.so
7f41efa6e000-7f41efc6d000 ---p 0000d000 08:01 5641416                    /home/tony/jdk1.7.0_67/jre/lib/amd64/libverify.so
7f41efc6d000-7f41efc6f000 rw-p 0000c000 08:01 5641416                    /home/tony/jdk1.7.0_67/jre/lib/amd64/libverify.so
7f41efc6f000-7f41efc76000 r-xp 00000000 08:01 3543063                    /lib/x86_64-linux-gnu/librt-2.19.so
7f41efc76000-7f41efe75000 ---p 00007000 08:01 3543063                    /lib/x86_64-linux-gnu/librt-2.19.so
7f41efe75000-7f41efe76000 r--p 00006000 08:01 3543063                    /lib/x86_64-linux-gnu/librt-2.19.so
7f41efe76000-7f41efe77000 rw-p 00007000 08:01 3543063                    /lib/x86_64-linux-gnu/librt-2.19.so
7f41efe77000-7f41eff7c000 r-xp 00000000 08:01 3542985                    /lib/x86_64-linux-gnu/libm-2.19.so
7f41eff7c000-7f41f017b000 ---p 00105000 08:01 3542985                    /lib/x86_64-linux-gnu/libm-2.19.so
7f41f017b000-7f41f017c000 r--p 00104000 08:01 3542985                    /lib/x86_64-linux-gnu/libm-2.19.so
7f41f017c000-7f41f017d000 rw-p 00105000 08:01 3542985                    /lib/x86_64-linux-gnu/libm-2.19.so
7f41f017d000-7f41f0ced000 r-xp 00000000 08:01 5641430                    /home/tony/jdk1.7.0_67/jre/lib/amd64/server/libjvm.so
7f41f0ced000-7f41f0eec000 ---p 00b70000 08:01 5641430                    /home/tony/jdk1.7.0_67/jre/lib/amd64/server/libjvm.so
7f41f0eec000-7f41f0fb1000 rw-p 00b6f000 08:01 5641430                    /home/tony/jdk1.7.0_67/jre/lib/amd64/server/libjvm.so
7f41f0fb1000-7f41f0ff1000 rw-p 00000000 00:00 0 
7f41f0ff1000-7f41f11ad000 r-xp 00000000 08:01 3542935                    /lib/x86_64-linux-gnu/libc-2.19.so
7f41f11ad000-7f41f13ac000 ---p 001bc000 08:01 3542935                    /lib/x86_64-linux-gnu/libc-2.19.so
7f41f13ac000-7f41f13b0000 r--p 001bb000 08:01 3542935                    /lib/x86_64-linux-gnu/libc-2.19.so
7f41f13b0000-7f41f13b2000 rw-p 001bf000 08:01 3542935                    /lib/x86_64-linux-gnu/libc-2.19.so
7f41f13b2000-7f41f13b7000 rw-p 00000000 00:00 0 
7f41f13b7000-7f41f13ba000 r-xp 00000000 08:01 3542952                    /lib/x86_64-linux-gnu/libdl-2.19.so
7f41f13ba000-7f41f15b9000 ---p 00003000 08:01 3542952                    /lib/x86_64-linux-gnu/libdl-2.19.so
7f41f15b9000-7f41f15ba000 r--p 00002000 08:01 3542952                    /lib/x86_64-linux-gnu/libdl-2.19.so
7f41f15ba000-7f41f15bb000 rw-p 00003000 08:01 3542952                    /lib/x86_64-linux-gnu/libdl-2.19.so
7f41f15bb000-7f41f15d1000 r-xp 00000000 08:01 5641445                    /home/tony/jdk1.7.0_67/jre/lib/amd64/jli/libjli.so
7f41f15d1000-7f41f17d1000 ---p 00016000 08:01 5641445                    /home/tony/jdk1.7.0_67/jre/lib/amd64/jli/libjli.so
7f41f17d1000-7f41f17d2000 rw-p 00016000 08:01 5641445                    /home/tony/jdk1.7.0_67/jre/lib/amd64/jli/libjli.so
7f41f17d2000-7f41f17eb000 r-xp 00000000 08:01 3543055                    /lib/x86_64-linux-gnu/libpthread-2.19.so
7f41f17eb000-7f41f19ea000 ---p 00019000 08:01 3543055                    /lib/x86_64-linux-gnu/libpthread-2.19.so
7f41f19ea000-7f41f19eb000 r--p 00018000 08:01 3543055                    /lib/x86_64-linux-gnu/libpthread-2.19.so
7f41f19eb000-7f41f19ec000 rw-p 00019000 08:01 3543055                    /lib/x86_64-linux-gnu/libpthread-2.19.so
7f41f19ec000-7f41f19f0000 rw-p 00000000 00:00 0 
7f41f19f0000-7f41f1a13000 r-xp 00000000 08:01 3542911                    /lib/x86_64-linux-gnu/ld-2.19.so
7f41f1a13000-7f41f1a16000 r--s 00000000 08:01 3671956                    /var/cache/fontconfig/e13b20fdb08344e0e664864cc2ede53d-le64.cache-4
7f41f1a16000-7f41f1a20000 r--s 00251000 08:01 5641529                    /home/tony/jdk1.7.0_67/jre/lib/resources.jar
7f41f1a20000-7f41f1a3f000 rw-p 00000000 00:00 0 
7f41f1a3f000-7f41f1af5000 rw-p 00000000 00:00 0 
7f41f1af5000-7f41f1af8000 ---p 00000000 00:00 0 
7f41f1af8000-7f41f1bfa000 rw-p 00000000 00:00 0                          [stack:2778]
7f41f1bfa000-7f41f1bfb000 r--s 00000000 08:01 3673179                    /var/cache/fontconfig/b9d506c9ac06c20b433354fa67a72993-le64.cache-4
7f41f1bfb000-7f41f1bfc000 r--s 00000000 08:01 3673156                    /var/cache/fontconfig/0c9eb80ebd1c36541ebe2852d3bb0c49-le64.cache-4
7f41f1bfc000-7f41f1c00000 r--s 00000000 08:01 3671955                    /var/cache/fontconfig/7ef2298fde41cc6eeb7af42e48b7d293-le64.cache-4
7f41f1c00000-7f41f1c05000 r--p 00000000 08:01 5510211                    /home/tony/.config/dconf/user (deleted)
7f41f1c05000-7f41f1c06000 r--s 00000000 00:15 19583                      /run/user/1000/dconf/user (deleted)
7f41f1c06000-7f41f1c0e000 rw-s 00000000 08:01 2625902                    /tmp/hsperfdata_tony/2777
7f41f1c0e000-7f41f1c0f000 rw-p 00000000 00:00 0 
7f41f1c0f000-7f41f1c10000 r--p 00000000 00:00 0 
7f41f1c10000-7f41f1c12000 rw-p 00000000 00:00 0 
7f41f1c12000-7f41f1c13000 r--p 00022000 08:01 3542911                    /lib/x86_64-linux-gnu/ld-2.19.so
7f41f1c13000-7f41f1c14000 rw-p 00023000 08:01 3542911                    /lib/x86_64-linux-gnu/ld-2.19.so
7f41f1c14000-7f41f1c15000 rw-p 00000000 00:00 0 
7fff6c886000-7fff6c8a7000 rw-p 00000000 00:00 0                          [stack]
7fff6c95a000-7fff6c95c000 r-xp 00000000 00:00 0                          [vdso]
ffffffffff600000-ffffffffff601000 r-xp 00000000 00:00 0                  [vsyscall]

VM Arguments:
java_command: tmt-0.4.0.jar
Launcher Type: SUN_STANDARD

Environment Variables:
PATH=/usr/local/sbin:/usr/local/bin:/usr/sbin:/usr/bin:/sbin:/bin:/usr/games:/usr/local/games:/home/tony/jdk1.7.0_67/jre/bin
SHELL=/bin/bash
DISPLAY=:0

Signal Handlers:
SIGSEGV: [libjvm.so+0x99f4a0], sa_mask[0]=0x7ffbfeff, sa_flags=0x10000004
SIGBUS: [libjvm.so+0x99f4a0], sa_mask[0]=0x7ffbfeff, sa_flags=0x10000004
SIGFPE: [libjvm.so+0x81a860], sa_mask[0]=0x7ffbfeff, sa_flags=0x10000004
SIGPIPE: SIG_IGN, sa_mask[0]=0x00001000, sa_flags=0x10000000
SIGXFSZ: [libjvm.so+0x81a860], sa_mask[0]=0x7ffbfeff, sa_flags=0x10000004
SIGILL: [libjvm.so+0x81a860], sa_mask[0]=0x7ffbfeff, sa_flags=0x10000004
SIGUSR1: SIG_DFL, sa_mask[0]=0x00000000, sa_flags=0x00000000
SIGUSR2: [libjvm.so+0x81c060], sa_mask[0]=0x00000000, sa_flags=0x10000004
SIGHUP: [libjvm.so+0x81d160], sa_mask[0]=0x7ffbfeff, sa_flags=0x10000004
SIGINT: [libjvm.so+0x81d160], sa_mask[0]=0x7ffbfeff, sa_flags=0x10000004
SIGTERM: [libjvm.so+0x81d160], sa_mask[0]=0x7ffbfeff, sa_flags=0x10000004
SIGQUIT: [libjvm.so+0x81d160], sa_mask[0]=0x7ffbfeff, sa_flags=0x10000004


---------------  S Y S T E M  ---------------

OS:jessie/sid

uname:Linux 3.13.0-24-generic #46-Ubuntu SMP Thu Apr 10 19:11:08 UTC 2014 x86_64
libc:glibc 2.19 NPTL 2.19 
rlimit: STACK 8192k, CORE 0k, NPROC 31402, NOFILE 4096, AS infinity
load average:21.47 5.91 2.26

/proc/meminfo:
MemTotal:        4041048 kB
MemFree:         1547732 kB
Buffers:           12488 kB
Cached:           332924 kB
SwapCached:        53132 kB
Active:          1534872 kB
Inactive:         688300 kB
Active(anon):    1461464 kB
Inactive(anon):   517304 kB
Active(file):      73408 kB
Inactive(file):   170996 kB
Unevictable:          32 kB
Mlocked:              32 kB
SwapTotal:       4191228 kB
SwapFree:        3682844 kB
Dirty:               728 kB
Writeback:             0 kB
AnonPages:       1852268 kB
Mapped:           115332 kB
Shmem:            100976 kB
Slab:             102696 kB
SReclaimable:      54664 kB
SUnreclaim:        48032 kB
KernelStack:        5960 kB
PageTables:        47048 kB
NFS_Unstable:          0 kB
Bounce:                0 kB
WritebackTmp:          0 kB
CommitLimit:     6211752 kB
Committed_AS:    6581780 kB
VmallocTotal:   34359738367 kB
VmallocUsed:      168464 kB
VmallocChunk:   34359508264 kB
HardwareCorrupted:     0 kB
AnonHugePages:    290816 kB
HugePages_Total:       0
HugePages_Free:        0
HugePages_Rsvd:        0
HugePages_Surp:        0
Hugepagesize:       2048 kB
DirectMap4k:       65408 kB
DirectMap2M:     4128768 kB


CPU:total 3 (3 cores per cpu, 1 threads per core) family 6 model 30 stepping 5, cmov, cx8, fxsr, mmx, sse, sse2, sse3, ssse3, sse4.1, sse4.2, popcnt, tsc, tscinvbit

/proc/cpuinfo:
processor	: 0
vendor_id	: GenuineIntel
cpu family	: 6
model		: 30
model name	: Intel(R) Core(TM) i7 CPU         860  @ 2.80GHz
stepping	: 5
microcode	: 0x4
cpu MHz		: 2808.729
cache size	: 8192 KB
physical id	: 0
siblings	: 3
core id		: 0
cpu cores	: 3
apicid		: 0
initial apicid	: 0
fpu		: yes
fpu_exception	: yes
cpuid level	: 11
wp		: yes
flags		: fpu vme de pse tsc msr pae mce cx8 apic sep mtrr pge mca cmov pat pse36 clflush dts mmx fxsr sse sse2 ss ht syscall nx rdtscp lm constant_tsc arch_perfmon pebs bts nopl xtopology tsc_reliable nonstop_tsc aperfmperf pni ssse3 cx16 sse4_1 sse4_2 x2apic popcnt hypervisor lahf_lm ida dtherm
bogomips	: 5617.45
clflush size	: 64
cache_alignment	: 64
address sizes	: 40 bits physical, 48 bits virtual
power management:

processor	: 1
vendor_id	: GenuineIntel
cpu family	: 6
model		: 30
model name	: Intel(R) Core(TM) i7 CPU         860  @ 2.80GHz
stepping	: 5
microcode	: 0x4
cpu MHz		: 2808.729
cache size	: 8192 KB
physical id	: 0
siblings	: 3
core id		: 1
cpu cores	: 3
apicid		: 1
initial apicid	: 1
fpu		: yes
fpu_exception	: yes
cpuid level	: 11
wp		: yes
flags		: fpu vme de pse tsc msr pae mce cx8 apic sep mtrr pge mca cmov pat pse36 clflush dts mmx fxsr sse sse2 ss ht syscall nx rdtscp lm constant_tsc arch_perfmon pebs bts nopl xtopology tsc_reliable nonstop_tsc aperfmperf pni ssse3 cx16 sse4_1 sse4_2 x2apic popcnt hypervisor lahf_lm ida dtherm
bogomips	: 5617.45
clflush size	: 64
cache_alignment	: 64
address sizes	: 40 bits physical, 48 bits virtual
power management:

processor	: 2
vendor_id	: GenuineIntel
cpu family	: 6
model		: 30
model name	: Intel(R) Core(TM) i7 CPU         860  @ 2.80GHz
stepping	: 5
microcode	: 0x4
cpu MHz		: 2808.729
cache size	: 8192 KB
physical id	: 0
siblings	: 3
core id		: 2
cpu cores	: 3
apicid		: 2
initial apicid	: 2
fpu		: yes
fpu_exception	: yes
cpuid level	: 11
wp		: yes
flags		: fpu vme de pse tsc msr pae mce cx8 apic sep mtrr pge mca cmov pat pse36 clflush dts mmx fxsr sse sse2 ss ht syscall nx rdtscp lm constant_tsc arch_perfmon pebs bts nopl xtopology tsc_reliable nonstop_tsc aperfmperf pni ssse3 cx16 sse4_1 sse4_2 x2apic popcnt hypervisor lahf_lm ida dtherm
bogomips	: 5617.45
clflush size	: 64
cache_alignment	: 64
address sizes	: 40 bits physical, 48 bits virtual
power management:



Memory: 4k page, physical 4041048k(1547608k free), swap 4191228k(3682844k free)

vm_info: Java HotSpot(TM) 64-Bit Server VM (24.65-b04) for linux-amd64 JRE (1.7.0_67-b01), built on Jul 25 2014 09:20:21 by "java_re" with gcc 4.3.0 20080428 (Red Hat 4.3.0-8)

time: Wed Sep  3 14:56:32 2014
elapsed time: 449259 seconds

